<?xml version="1.0" encoding="UTF-8"?>
<coverage generated="1774967425657" clover="3.2.0">
  <project timestamp="1774967425657" name="All files">
    <metrics statements="31" coveredstatements="31" conditionals="0" coveredconditionals="0" methods="0" coveredmethods="0" elements="31" coveredelements="31" complexity="0" loc="31" ncloc="31" packages="1" files="6" classes="6"/>
    <file name="booking.js" path="C:\Users\AdminWC\OneDrive\Desktop\CP252 Project\cp252project\models\booking.js">
      <metrics statements="4" coveredstatements="4" conditionals="0" coveredconditionals="0" methods="0" coveredmethods="0"/>
      <line num="1" count="2" type="stmt"/>
      <line num="2" count="2" type="stmt"/>
      <line num="4" count="2" type="stmt"/>
      <line num="14" count="2" type="stmt"/>
    </file>
    <file name="camera.js" path="C:\Users\AdminWC\OneDrive\Desktop\CP252 Project\cp252project\models\camera.js">
      <metrics statements="4" coveredstatements="4" conditionals="0" coveredconditionals="0" methods="0" coveredmethods="0"/>
      <line num="1" count="2" type="stmt"/>
      <line num="2" count="2" type="stmt"/>
      <line num="4" count="2" type="stmt"/>
      <line num="14" count="2" type="stmt"/>
    </file>
    <file name="index.js" path="C:\Users\AdminWC\OneDrive\Desktop\CP252 Project\cp252project\models\index.js">
      <metrics statements="11" coveredstatements="11" conditionals="0" coveredconditionals="0" methods="0" coveredmethods="0"/>
      <line num="1" count="1" type="stmt"/>
      <line num="2" count="1" type="stmt"/>
      <line num="3" count="1" type="stmt"/>
      <line num="4" count="1" type="stmt"/>
      <line num="7" count="1" type="stmt"/>
      <line num="8" count="1" type="stmt"/>
      <line num="11" count="1" type="stmt"/>
      <line num="12" count="1" type="stmt"/>
      <line num="15" count="1" type="stmt"/>
      <line num="16" count="1" type="stmt"/>
      <line num="18" count="1" type="stmt"/>
    </file>
    <file name="payment.js" path="C:\Users\AdminWC\OneDrive\Desktop\CP252 Project\cp252project\models\payment.js">
      <metrics statements="4" coveredstatements="4" conditionals="0" coveredconditionals="0" methods="0" coveredmethods="0"/>
      <line num="1" count="2" type="stmt"/>
      <line num="2" count="2" type="stmt"/>
      <line num="4" count="2" type="stmt"/>
      <line num="10" count="2" type="stmt"/>
    </file>
    <file name="promotion.js" path="C:\Users\AdminWC\OneDrive\Desktop\CP252 Project\cp252project\models\promotion.js">
      <metrics statements="4" coveredstatements="4" conditionals="0" coveredconditionals="0" methods="0" coveredmethods="0"/>
      <line num="1" count="1" type="stmt"/>
      <line num="2" count="1" type="stmt"/>
      <line num="4" count="1" type="stmt"/>
      <line num="10" count="1" type="stmt"/>
    </file>
    <file name="user.js" path="C:\Users\AdminWC\OneDrive\Desktop\CP252 Project\cp252project\models\user.js">
      <metrics statements="4" coveredstatements="4" conditionals="0" coveredconditionals="0" methods="0" coveredmethods="0"/>
      <line num="1" count="2" type="stmt"/>
      <line num="2" count="2" type="stmt"/>
      <line num="4" count="2" type="stmt"/>
      <line num="11" count="2" type="stmt"/>
    </file>
  </project>
</coverage>
