{"C:\\Users\\AdminWC\\OneDrive\\Desktop\\CP252 Project\\cp252project\\models\\booking.js": {"path":"C:\\Users\\AdminWC\\OneDrive\\Desktop\\CP252 Project\\cp252project\\models\\booking.js","statementMap":{"0":{"start":{"line":1,"column":22},"end":{"line":1,"column":42}},"1":{"start":{"line":2,"column":18},"end":{"line":2,"column":41}},"2":{"start":{"line":4,"column":16},"end":{"line":12,"column":2}},"3":{"start":{"line":14,"column":0},"end":{"line":14,"column":25}}},"fnMap":{},"branchMap":{},"s":{"0":2,"1":2,"2":2,"3":2},"f":{},"b":{},"_coverageSchema":"1a1c01bbd47fc00a2c39e90264f33305004495a9","hash":"1fab22fb0d072dd0e04feed00a9dbdd135ef0bba"}
,"C:\\Users\\AdminWC\\OneDrive\\Desktop\\CP252 Project\\cp252project\\models\\camera.js": {"path":"C:\\Users\\AdminWC\\OneDrive\\Desktop\\CP252 Project\\cp252project\\models\\camera.js","statementMap":{"0":{"start":{"line":1,"column":22},"end":{"line":1,"column":42}},"1":{"start":{"line":2,"column":18},"end":{"line":2,"column":41}},"2":{"start":{"line":4,"column":15},"end":{"line":12,"column":2}},"3":{"start":{"line":14,"column":0},"end":{"line":14,"column":24}}},"fnMap":{},"branchMap":{},"s":{"0":2,"1":2,"2":2,"3":2},"f":{},"b":{},"_coverageSchema":"1a1c01bbd47fc00a2c39e90264f33305004495a9","hash":"2d00f45557d3122ddb506c1e14286aad523d8806"}
,"C:\\Users\\AdminWC\\OneDrive\\Desktop\\CP252 Project\\cp252project\\models\\index.js": {"path":"C:\\Users\\AdminWC\\OneDrive\\Desktop\\CP252 Project\\cp252project\\models\\index.js","statementMap":{"0":{"start":{"line":1,"column":13},"end":{"line":1,"column":30}},"1":{"start":{"line":2,"column":15},"end":{"line":2,"column":34}},"2":{"start":{"line":3,"column":16},"end":{"line":3,"column":36}},"3":{"start":{"line":4,"column":16},"end":{"line":4,"column":36}},"4":{"start":{"line":7,"column":0},"end":{"line":7,"column":22}},"5":{"start":{"line":8,"column":0},"end":{"line":8,"column":24}},"6":{"start":{"line":11,"column":0},"end":{"line":11,"column":24}},"7":{"start":{"line":12,"column":0},"end":{"line":12,"column":26}},"8":{"start":{"line":15,"column":0},"end":{"line":15,"column":24}},"9":{"start":{"line":16,"column":0},"end":{"line":16,"column":27}},"10":{"start":{"line":18,"column":0},"end":{"line":18,"column":52}}},"fnMap":{},"branchMap":{},"s":{"0":1,"1":1,"2":1,"3":1,"4":1,"5":1,"6":1,"7":1,"8":1,"9":1,"10":1},"f":{},"b":{},"_coverageSchema":"1a1c01bbd47fc00a2c39e90264f33305004495a9","hash":"1fe4736867b0766a5d8c2589938bd3f929aeff9e"}
,"C:\\Users\\AdminWC\\OneDrive\\Desktop\\CP252 Project\\cp252project\\models\\payment.js": {"path":"C:\\Users\\AdminWC\\OneDrive\\Desktop\\CP252 Project\\cp252project\\models\\payment.js","statementMap":{"0":{"start":{"line":1,"column":22},"end":{"line":1,"column":42}},"1":{"start":{"line":2,"column":18},"end":{"line":2,"column":41}},"2":{"start":{"line":4,"column":16},"end":{"line":8,"column":2}},"3":{"start":{"line":10,"column":0},"end":{"line":10,"column":25}}},"fnMap":{},"branchMap":{},"s":{"0":2,"1":2,"2":2,"3":2},"f":{},"b":{},"_coverageSchema":"1a1c01bbd47fc00a2c39e90264f33305004495a9","hash":"3272fca0a5bb7bb52a79d8fa81da9c91d8949b6d"}
,"C:\\Users\\AdminWC\\OneDrive\\Desktop\\CP252 Project\\cp252project\\models\\promotion.js": {"path":"C:\\Users\\AdminWC\\OneDrive\\Desktop\\CP252 Project\\cp252project\\models\\promotion.js","statementMap":{"0":{"start":{"line":1,"column":22},"end":{"line":1,"column":42}},"1":{"start":{"line":2,"column":18},"end":{"line":2,"column":41}},"2":{"start":{"line":4,"column":18},"end":{"line":8,"column":2}},"3":{"start":{"line":10,"column":0},"end":{"line":10,"column":27}}},"fnMap":{},"branchMap":{},"s":{"0":1,"1":1,"2":1,"3":1},"f":{},"b":{},"_coverageSchema":"1a1c01bbd47fc00a2c39e90264f33305004495a9","hash":"df827f10b8a78a897f91402ed73655e8b2bc6f6b"}
,"C:\\Users\\AdminWC\\OneDrive\\Desktop\\CP252 Project\\cp252project\\models\\user.js": {"path":"C:\\Users\\AdminWC\\OneDrive\\Desktop\\CP252 Project\\cp252project\\models\\user.js","statementMap":{"0":{"start":{"line":1,"column":22},"end":{"line":1,"column":42}},"1":{"start":{"line":2,"column":18},"end":{"line":2,"column":41}},"2":{"start":{"line":4,"column":13},"end":{"line":9,"column":2}},"3":{"start":{"line":11,"column":0},"end":{"line":11,"column":22}}},"fnMap":{},"branchMap":{},"s":{"0":2,"1":2,"2":2,"3":2},"f":{},"b":{},"_coverageSchema":"1a1c01bbd47fc00a2c39e90264f33305004495a9","hash":"8f2efd3ebd20335707605baf4abd79066b88febd"}
}
