{"D:\\cp252project\\cp252project\\CameraRentalSystem\\controller\\authController.js": {"path":"D:\\cp252project\\cp252project\\CameraRentalSystem\\controller\\authController.js","statementMap":{"0":{"start":{"line":1,"column":15},"end":{"line":1,"column":32}},"1":{"start":{"line":2,"column":15},"end":{"line":2,"column":34}},"2":{"start":{"line":3,"column":15},"end":{"line":3,"column":35}},"3":{"start":{"line":4,"column":17},"end":{"line":4,"column":49}},"4":{"start":{"line":5,"column":29},"end":{"line":5,"column":75}},"5":{"start":{"line":8,"column":4},"end":{"line":8,"column":63}},"6":{"start":{"line":12,"column":17},"end":{"line":12,"column":50}},"7":{"start":{"line":13,"column":19},"end":{"line":13,"column":52}},"8":{"start":{"line":14,"column":4},"end":{"line":14,"column":79}},"9":{"start":{"line":14,"column":29},"end":{"line":14,"column":79}},"10":{"start":{"line":15,"column":4},"end":{"line":15,"column":79}},"11":{"start":{"line":15,"column":29},"end":{"line":15,"column":79}},"12":{"start":{"line":16,"column":4},"end":{"line":16,"column":73}},"13":{"start":{"line":20,"column":4},"end":{"line":20,"column":48}},"14":{"start":{"line":20,"column":35},"end":{"line":20,"column":48}},"15":{"start":{"line":21,"column":23},"end":{"line":21,"column":49}},"16":{"start":{"line":22,"column":4},"end":{"line":22,"column":61}},"17":{"start":{"line":22,"column":48},"end":{"line":22,"column":61}},"18":{"start":{"line":23,"column":4},"end":{"line":23,"column":57}},"19":{"start":{"line":27,"column":17},"end":{"line":27,"column":75}},"20":{"start":{"line":28,"column":4},"end":{"line":41,"column":7}},"21":{"start":{"line":29,"column":32},"end":{"line":38,"column":9}},"22":{"start":{"line":44,"column":0},"end":{"line":51,"column":2}},"23":{"start":{"line":46,"column":4},"end":{"line":49,"column":5}},"24":{"start":{"line":47,"column":8},"end":{"line":47,"column":77}},"25":{"start":{"line":47,"column":47},"end":{"line":47,"column":77}},"26":{"start":{"line":48,"column":8},"end":{"line":48,"column":39}},"27":{"start":{"line":50,"column":4},"end":{"line":50,"column":52}},"28":{"start":{"line":53,"column":0},"end":{"line":55,"column":2}},"29":{"start":{"line":54,"column":4},"end":{"line":54,"column":72}},"30":{"start":{"line":57,"column":0},"end":{"line":59,"column":2}},"31":{"start":{"line":58,"column":4},"end":{"line":58,"column":42}},"32":{"start":{"line":61,"column":0},"end":{"line":63,"column":2}},"33":{"start":{"line":62,"column":4},"end":{"line":62,"column":42}},"34":{"start":{"line":65,"column":0},"end":{"line":67,"column":2}},"35":{"start":{"line":66,"column":4},"end":{"line":66,"column":75}},"36":{"start":{"line":69,"column":0},"end":{"line":71,"column":2}},"37":{"start":{"line":70,"column":4},"end":{"line":70,"column":75}},"38":{"start":{"line":73,"column":0},"end":{"line":75,"column":2}},"39":{"start":{"line":74,"column":4},"end":{"line":74,"column":97}},"40":{"start":{"line":74,"column":48},"end":{"line":74,"column":95}},"41":{"start":{"line":77,"column":0},"end":{"line":96,"column":2}},"42":{"start":{"line":78,"column":28},"end":{"line":78,"column":73}},"43":{"start":{"line":79,"column":4},"end":{"line":95,"column":69}},"44":{"start":{"line":81,"column":12},"end":{"line":81,"column":69}},"45":{"start":{"line":81,"column":23},"end":{"line":81,"column":69}},"46":{"start":{"line":82,"column":12},"end":{"line":93,"column":15}},"47":{"start":{"line":95,"column":21},"end":{"line":95,"column":67}},"48":{"start":{"line":98,"column":0},"end":{"line":111,"column":2}},"49":{"start":{"line":99,"column":28},"end":{"line":99,"column":73}},"50":{"start":{"line":100,"column":4},"end":{"line":102,"column":5}},"51":{"start":{"line":101,"column":8},"end":{"line":101,"column":62}},"52":{"start":{"line":104,"column":23},"end":{"line":104,"column":62}},"53":{"start":{"line":105,"column":4},"end":{"line":110,"column":70}},"54":{"start":{"line":109,"column":20},"end":{"line":109,"column":44}},"55":{"start":{"line":110,"column":21},"end":{"line":110,"column":68}},"56":{"start":{"line":119,"column":0},"end":{"line":153,"column":2}},"57":{"start":{"line":120,"column":28},"end":{"line":120,"column":73}},"58":{"start":{"line":121,"column":59},"end":{"line":121,"column":67}},"59":{"start":{"line":123,"column":32},"end":{"line":123,"column":85}},"60":{"start":{"line":124,"column":31},"end":{"line":124,"column":82}},"61":{"start":{"line":125,"column":28},"end":{"line":125,"column":87}},"62":{"start":{"line":126,"column":28},"end":{"line":126,"column":73}},"63":{"start":{"line":127,"column":30},"end":{"line":127,"column":79}},"64":{"start":{"line":129,"column":4},"end":{"line":131,"column":5}},"65":{"start":{"line":130,"column":8},"end":{"line":130,"column":91}},"66":{"start":{"line":133,"column":4},"end":{"line":135,"column":5}},"67":{"start":{"line":134,"column":8},"end":{"line":134,"column":60}},"68":{"start":{"line":137,"column":4},"end":{"line":152,"column":5}},"69":{"start":{"line":138,"column":8},"end":{"line":147,"column":10}},"70":{"start":{"line":148,"column":8},"end":{"line":148,"column":40}},"71":{"start":{"line":150,"column":8},"end":{"line":150,"column":58}},"72":{"start":{"line":151,"column":8},"end":{"line":151,"column":64}},"73":{"start":{"line":155,"column":0},"end":{"line":180,"column":2}},"74":{"start":{"line":156,"column":31},"end":{"line":156,"column":39}},"75":{"start":{"line":157,"column":31},"end":{"line":157,"column":82}},"76":{"start":{"line":158,"column":27},"end":{"line":158,"column":62}},"77":{"start":{"line":160,"column":4},"end":{"line":179,"column":68}},"78":{"start":{"line":161,"column":30},"end":{"line":168,"column":14}},"79":{"start":{"line":163,"column":16},"end":{"line":163,"column":79}},"80":{"start":{"line":163,"column":33},"end":{"line":163,"column":79}},"81":{"start":{"line":164,"column":16},"end":{"line":166,"column":17}},"82":{"start":{"line":165,"column":20},"end":{"line":165,"column":88}},"83":{"start":{"line":167,"column":16},"end":{"line":167,"column":95}},"84":{"start":{"line":167,"column":79},"end":{"line":167,"column":92}},"85":{"start":{"line":170,"column":12},"end":{"line":172,"column":13}},"86":{"start":{"line":171,"column":16},"end":{"line":171,"column":109}},"87":{"start":{"line":173,"column":12},"end":{"line":177,"column":15}},"88":{"start":{"line":179,"column":21},"end":{"line":179,"column":66}},"89":{"start":{"line":182,"column":0},"end":{"line":221,"column":2}},"90":{"start":{"line":183,"column":42},"end":{"line":183,"column":50}},"91":{"start":{"line":184,"column":31},"end":{"line":184,"column":82}},"92":{"start":{"line":185,"column":28},"end":{"line":185,"column":87}},"93":{"start":{"line":186,"column":31},"end":{"line":186,"column":75}},"94":{"start":{"line":188,"column":4},"end":{"line":190,"column":5}},"95":{"start":{"line":189,"column":8},"end":{"line":189,"column":109}},"96":{"start":{"line":191,"column":4},"end":{"line":193,"column":5}},"97":{"start":{"line":192,"column":8},"end":{"line":192,"column":104}},"98":{"start":{"line":194,"column":4},"end":{"line":196,"column":5}},"99":{"start":{"line":195,"column":8},"end":{"line":195,"column":106}},"100":{"start":{"line":197,"column":22},"end":{"line":199,"column":6}},"101":{"start":{"line":200,"column":30},"end":{"line":202,"column":6}},"102":{"start":{"line":203,"column":4},"end":{"line":205,"column":5}},"103":{"start":{"line":204,"column":8},"end":{"line":204,"column":100}},"104":{"start":{"line":207,"column":17},"end":{"line":207,"column":46}},"105":{"start":{"line":208,"column":4},"end":{"line":218,"column":7}},"106":{"start":{"line":220,"column":4},"end":{"line":220,"column":97}},"107":{"start":{"line":229,"column":0},"end":{"line":271,"column":2}},"108":{"start":{"line":230,"column":35},"end":{"line":230,"column":43}},"109":{"start":{"line":231,"column":31},"end":{"line":231,"column":82}},"110":{"start":{"line":232,"column":31},"end":{"line":232,"column":75}},"111":{"start":{"line":234,"column":4},"end":{"line":237,"column":5}},"112":{"start":{"line":235,"column":8},"end":{"line":235,"column":64}},"113":{"start":{"line":236,"column":8},"end":{"line":236,"column":38}},"114":{"start":{"line":239,"column":24},"end":{"line":246,"column":6}},"115":{"start":{"line":248,"column":4},"end":{"line":250,"column":5}},"116":{"start":{"line":249,"column":8},"end":{"line":249,"column":79}},"117":{"start":{"line":252,"column":4},"end":{"line":254,"column":5}},"118":{"start":{"line":253,"column":8},"end":{"line":253,"column":94}},"119":{"start":{"line":256,"column":28},"end":{"line":258,"column":57}},"120":{"start":{"line":260,"column":4},"end":{"line":269,"column":5}},"121":{"start":{"line":262,"column":8},"end":{"line":265,"column":9}},"122":{"start":{"line":263,"column":12},"end":{"line":263,"column":99}},"123":{"start":{"line":264,"column":12},"end":{"line":264,"column":37}},"124":{"start":{"line":266,"column":8},"end":{"line":266,"column":86}},"125":{"start":{"line":267,"column":8},"end":{"line":267,"column":72}},"126":{"start":{"line":267,"column":42},"end":{"line":267,"column":72}},"127":{"start":{"line":268,"column":8},"end":{"line":268,"column":39}},"128":{"start":{"line":270,"column":4},"end":{"line":270,"column":68}},"129":{"start":{"line":274,"column":0},"end":{"line":284,"column":2}},"130":{"start":{"line":275,"column":32},"end":{"line":275,"column":79}},"131":{"start":{"line":276,"column":20},"end":{"line":276,"column":79}},"132":{"start":{"line":277,"column":22},"end":{"line":277,"column":90}},"133":{"start":{"line":279,"column":4},"end":{"line":281,"column":5}},"134":{"start":{"line":280,"column":8},"end":{"line":280,"column":99}},"135":{"start":{"line":283,"column":4},"end":{"line":283,"column":30}},"136":{"start":{"line":287,"column":0},"end":{"line":322,"column":2}},"137":{"start":{"line":288,"column":32},"end":{"line":288,"column":79}},"138":{"start":{"line":289,"column":20},"end":{"line":289,"column":79}},"139":{"start":{"line":290,"column":22},"end":{"line":290,"column":90}},"140":{"start":{"line":291,"column":4},"end":{"line":293,"column":5}},"141":{"start":{"line":292,"column":8},"end":{"line":292,"column":64}},"142":{"start":{"line":294,"column":4},"end":{"line":296,"column":5}},"143":{"start":{"line":295,"column":8},"end":{"line":295,"column":95}},"144":{"start":{"line":298,"column":22},"end":{"line":298,"column":30}},"145":{"start":{"line":299,"column":28},"end":{"line":299,"column":87}},"146":{"start":{"line":300,"column":4},"end":{"line":302,"column":5}},"147":{"start":{"line":301,"column":8},"end":{"line":301,"column":79}},"148":{"start":{"line":304,"column":22},"end":{"line":304,"column":83}},"149":{"start":{"line":305,"column":4},"end":{"line":318,"column":5}},"150":{"start":{"line":306,"column":21},"end":{"line":306,"column":47}},"151":{"start":{"line":307,"column":8},"end":{"line":317,"column":11}},"152":{"start":{"line":320,"column":4},"end":{"line":320,"column":82}},"153":{"start":{"line":321,"column":4},"end":{"line":321,"column":35}},"154":{"start":{"line":330,"column":0},"end":{"line":374,"column":2}},"155":{"start":{"line":331,"column":79},"end":{"line":331,"column":87}},"156":{"start":{"line":332,"column":31},"end":{"line":332,"column":82}},"157":{"start":{"line":333,"column":31},"end":{"line":333,"column":75}},"158":{"start":{"line":334,"column":28},"end":{"line":334,"column":87}},"159":{"start":{"line":335,"column":32},"end":{"line":335,"column":85}},"160":{"start":{"line":336,"column":31},"end":{"line":336,"column":82}},"161":{"start":{"line":337,"column":28},"end":{"line":337,"column":73}},"162":{"start":{"line":338,"column":30},"end":{"line":338,"column":79}},"163":{"start":{"line":340,"column":4},"end":{"line":342,"column":5}},"164":{"start":{"line":341,"column":8},"end":{"line":341,"column":74}},"165":{"start":{"line":343,"column":4},"end":{"line":345,"column":5}},"166":{"start":{"line":344,"column":8},"end":{"line":344,"column":87}},"167":{"start":{"line":346,"column":4},"end":{"line":348,"column":5}},"168":{"start":{"line":347,"column":8},"end":{"line":347,"column":86}},"169":{"start":{"line":350,"column":4},"end":{"line":352,"column":5}},"170":{"start":{"line":351,"column":8},"end":{"line":351,"column":89}},"171":{"start":{"line":354,"column":26},"end":{"line":354,"column":93}},"172":{"start":{"line":355,"column":27},"end":{"line":355,"column":88}},"173":{"start":{"line":356,"column":4},"end":{"line":358,"column":5}},"174":{"start":{"line":357,"column":8},"end":{"line":357,"column":83}},"175":{"start":{"line":360,"column":4},"end":{"line":370,"column":7}},"176":{"start":{"line":372,"column":4},"end":{"line":372,"column":70}},"177":{"start":{"line":373,"column":4},"end":{"line":373,"column":35}},"178":{"start":{"line":376,"column":0},"end":{"line":381,"column":2}},"179":{"start":{"line":377,"column":4},"end":{"line":380,"column":7}},"180":{"start":{"line":378,"column":8},"end":{"line":378,"column":66}},"181":{"start":{"line":378,"column":17},"end":{"line":378,"column":66}},"182":{"start":{"line":379,"column":8},"end":{"line":379,"column":26}},"183":{"start":{"line":389,"column":0},"end":{"line":395,"column":2}},"184":{"start":{"line":390,"column":4},"end":{"line":394,"column":5}},"185":{"start":{"line":391,"column":8},"end":{"line":391,"column":15}},"186":{"start":{"line":393,"column":8},"end":{"line":393,"column":32}},"187":{"start":{"line":397,"column":0},"end":{"line":403,"column":2}},"188":{"start":{"line":398,"column":4},"end":{"line":402,"column":5}},"189":{"start":{"line":399,"column":8},"end":{"line":399,"column":15}},"190":{"start":{"line":401,"column":8},"end":{"line":401,"column":33}},"191":{"start":{"line":411,"column":0},"end":{"line":417,"column":2}},"192":{"start":{"line":412,"column":4},"end":{"line":414,"column":5}},"193":{"start":{"line":413,"column":8},"end":{"line":413,"column":71}},"194":{"start":{"line":415,"column":4},"end":{"line":415,"column":49}},"195":{"start":{"line":416,"column":4},"end":{"line":416,"column":11}},"196":{"start":{"line":419,"column":0},"end":{"line":425,"column":2}},"197":{"start":{"line":420,"column":25},"end":{"line":420,"column":51}},"198":{"start":{"line":421,"column":4},"end":{"line":423,"column":5}},"199":{"start":{"line":422,"column":8},"end":{"line":422,"column":58}},"200":{"start":{"line":424,"column":4},"end":{"line":424,"column":11}}},"fnMap":{"0":{"name":"isHash","decl":{"start":{"line":7,"column":9},"end":{"line":7,"column":15}},"loc":{"start":{"line":7,"column":23},"end":{"line":9,"column":1}},"line":7},"1":{"name":"splitName","decl":{"start":{"line":11,"column":9},"end":{"line":11,"column":18}},"loc":{"start":{"line":11,"column":29},"end":{"line":17,"column":1}},"line":11},"2":{"name":"isValidEmail","decl":{"start":{"line":19,"column":9},"end":{"line":19,"column":21}},"loc":{"start":{"line":19,"column":29},"end":{"line":24,"column":1}},"line":19},"3":{"name":"renderAdminAccounts","decl":{"start":{"line":26,"column":15},"end":{"line":26,"column":34}},"loc":{"start":{"line":26,"column":93},"end":{"line":42,"column":1}},"line":26},"4":{"name":"(anonymous_4)","decl":{"start":{"line":29,"column":24},"end":{"line":29,"column":25}},"loc":{"start":{"line":29,"column":32},"end":{"line":38,"column":9}},"line":29},"5":{"name":"(anonymous_5)","decl":{"start":{"line":44,"column":19},"end":{"line":44,"column":20}},"loc":{"start":{"line":44,"column":33},"end":{"line":51,"column":1}},"line":44},"6":{"name":"(anonymous_6)","decl":{"start":{"line":53,"column":22},"end":{"line":53,"column":23}},"loc":{"start":{"line":53,"column":36},"end":{"line":55,"column":1}},"line":53},"7":{"name":"(anonymous_7)","decl":{"start":{"line":57,"column":21},"end":{"line":57,"column":22}},"loc":{"start":{"line":57,"column":35},"end":{"line":59,"column":1}},"line":57},"8":{"name":"(anonymous_8)","decl":{"start":{"line":61,"column":21},"end":{"line":61,"column":22}},"loc":{"start":{"line":61,"column":35},"end":{"line":63,"column":1}},"line":61},"9":{"name":"(anonymous_9)","decl":{"start":{"line":65,"column":22},"end":{"line":65,"column":23}},"loc":{"start":{"line":65,"column":36},"end":{"line":67,"column":1}},"line":65},"10":{"name":"(anonymous_10)","decl":{"start":{"line":69,"column":22},"end":{"line":69,"column":23}},"loc":{"start":{"line":69,"column":36},"end":{"line":71,"column":1}},"line":69},"11":{"name":"(anonymous_11)","decl":{"start":{"line":73,"column":28},"end":{"line":73,"column":29}},"loc":{"start":{"line":73,"column":42},"end":{"line":75,"column":1}},"line":73},"12":{"name":"(anonymous_12)","decl":{"start":{"line":74,"column":42},"end":{"line":74,"column":43}},"loc":{"start":{"line":74,"column":48},"end":{"line":74,"column":95}},"line":74},"13":{"name":"(anonymous_13)","decl":{"start":{"line":77,"column":22},"end":{"line":77,"column":23}},"loc":{"start":{"line":77,"column":36},"end":{"line":96,"column":1}},"line":77},"14":{"name":"(anonymous_14)","decl":{"start":{"line":80,"column":14},"end":{"line":80,"column":15}},"loc":{"start":{"line":80,"column":24},"end":{"line":94,"column":9}},"line":80},"15":{"name":"(anonymous_15)","decl":{"start":{"line":95,"column":15},"end":{"line":95,"column":16}},"loc":{"start":{"line":95,"column":21},"end":{"line":95,"column":67}},"line":95},"16":{"name":"(anonymous_16)","decl":{"start":{"line":98,"column":30},"end":{"line":98,"column":31}},"loc":{"start":{"line":98,"column":44},"end":{"line":111,"column":1}},"line":98},"17":{"name":"(anonymous_17)","decl":{"start":{"line":109,"column":14},"end":{"line":109,"column":15}},"loc":{"start":{"line":109,"column":20},"end":{"line":109,"column":44}},"line":109},"18":{"name":"(anonymous_18)","decl":{"start":{"line":110,"column":15},"end":{"line":110,"column":16}},"loc":{"start":{"line":110,"column":21},"end":{"line":110,"column":68}},"line":110},"19":{"name":"(anonymous_19)","decl":{"start":{"line":119,"column":24},"end":{"line":119,"column":25}},"loc":{"start":{"line":119,"column":44},"end":{"line":153,"column":1}},"line":119},"20":{"name":"(anonymous_20)","decl":{"start":{"line":155,"column":25},"end":{"line":155,"column":26}},"loc":{"start":{"line":155,"column":39},"end":{"line":180,"column":1}},"line":155},"21":{"name":"(anonymous_21)","decl":{"start":{"line":161,"column":14},"end":{"line":161,"column":15}},"loc":{"start":{"line":161,"column":30},"end":{"line":168,"column":14}},"line":161},"22":{"name":"(anonymous_22)","decl":{"start":{"line":162,"column":18},"end":{"line":162,"column":19}},"loc":{"start":{"line":162,"column":34},"end":{"line":168,"column":13}},"line":162},"23":{"name":"(anonymous_23)","decl":{"start":{"line":167,"column":72},"end":{"line":167,"column":73}},"loc":{"start":{"line":167,"column":79},"end":{"line":167,"column":92}},"line":167},"24":{"name":"(anonymous_24)","decl":{"start":{"line":169,"column":14},"end":{"line":169,"column":15}},"loc":{"start":{"line":169,"column":26},"end":{"line":178,"column":9}},"line":169},"25":{"name":"(anonymous_25)","decl":{"start":{"line":179,"column":15},"end":{"line":179,"column":16}},"loc":{"start":{"line":179,"column":21},"end":{"line":179,"column":66}},"line":179},"26":{"name":"(anonymous_26)","decl":{"start":{"line":182,"column":29},"end":{"line":182,"column":30}},"loc":{"start":{"line":182,"column":49},"end":{"line":221,"column":1}},"line":182},"27":{"name":"(anonymous_27)","decl":{"start":{"line":229,"column":16},"end":{"line":229,"column":17}},"loc":{"start":{"line":229,"column":36},"end":{"line":271,"column":1}},"line":229},"28":{"name":"(anonymous_28)","decl":{"start":{"line":274,"column":29},"end":{"line":274,"column":30}},"loc":{"start":{"line":274,"column":43},"end":{"line":284,"column":1}},"line":274},"29":{"name":"(anonymous_29)","decl":{"start":{"line":287,"column":22},"end":{"line":287,"column":23}},"loc":{"start":{"line":287,"column":42},"end":{"line":322,"column":1}},"line":287},"30":{"name":"(anonymous_30)","decl":{"start":{"line":330,"column":19},"end":{"line":330,"column":20}},"loc":{"start":{"line":330,"column":39},"end":{"line":374,"column":1}},"line":330},"31":{"name":"(anonymous_31)","decl":{"start":{"line":376,"column":17},"end":{"line":376,"column":18}},"loc":{"start":{"line":376,"column":31},"end":{"line":381,"column":1}},"line":376},"32":{"name":"(anonymous_32)","decl":{"start":{"line":377,"column":24},"end":{"line":377,"column":25}},"loc":{"start":{"line":377,"column":33},"end":{"line":380,"column":5}},"line":377},"33":{"name":"(anonymous_33)","decl":{"start":{"line":389,"column":22},"end":{"line":389,"column":23}},"loc":{"start":{"line":389,"column":42},"end":{"line":395,"column":1}},"line":389},"34":{"name":"(anonymous_34)","decl":{"start":{"line":397,"column":23},"end":{"line":397,"column":24}},"loc":{"start":{"line":397,"column":43},"end":{"line":403,"column":1}},"line":397},"35":{"name":"(anonymous_35)","decl":{"start":{"line":411,"column":26},"end":{"line":411,"column":27}},"loc":{"start":{"line":411,"column":46},"end":{"line":417,"column":1}},"line":411},"36":{"name":"(anonymous_36)","decl":{"start":{"line":419,"column":22},"end":{"line":419,"column":23}},"loc":{"start":{"line":419,"column":42},"end":{"line":425,"column":1}},"line":419}},"branchMap":{"0":{"loc":{"start":{"line":5,"column":36},"end":{"line":5,"column":74}},"type":"binary-expr","locations":[{"start":{"line":5,"column":36},"end":{"line":5,"column":68}},{"start":{"line":5,"column":72},"end":{"line":5,"column":74}}],"line":5},"1":{"loc":{"start":{"line":8,"column":11},"end":{"line":8,"column":62}},"type":"binary-expr","locations":[{"start":{"line":8,"column":11},"end":{"line":8,"column":36}},{"start":{"line":8,"column":40},"end":{"line":8,"column":62}}],"line":8},"2":{"loc":{"start":{"line":12,"column":24},"end":{"line":12,"column":42}},"type":"binary-expr","locations":[{"start":{"line":12,"column":24},"end":{"line":12,"column":32}},{"start":{"line":12,"column":36},"end":{"line":12,"column":42}}],"line":12},"3":{"loc":{"start":{"line":14,"column":4},"end":{"line":14,"column":79}},"type":"if","locations":[{"start":{"line":14,"column":4},"end":{"line":14,"column":79}},{"start":{},"end":{}}],"line":14},"4":{"loc":{"start":{"line":15,"column":4},"end":{"line":15,"column":79}},"type":"if","locations":[{"start":{"line":15,"column":4},"end":{"line":15,"column":79}},{"start":{},"end":{}}],"line":15},"5":{"loc":{"start":{"line":20,"column":4},"end":{"line":20,"column":48}},"type":"if","locations":[{"start":{"line":20,"column":4},"end":{"line":20,"column":48}},{"start":{},"end":{}}],"line":20},"6":{"loc":{"start":{"line":22,"column":4},"end":{"line":22,"column":61}},"type":"if","locations":[{"start":{"line":22,"column":4},"end":{"line":22,"column":61}},{"start":{},"end":{}}],"line":22},"7":{"loc":{"start":{"line":22,"column":8},"end":{"line":22,"column":46}},"type":"binary-expr","locations":[{"start":{"line":22,"column":8},"end":{"line":22,"column":19}},{"start":{"line":22,"column":23},"end":{"line":22,"column":46}}],"line":22},"8":{"loc":{"start":{"line":26,"column":40},"end":{"line":26,"column":91}},"type":"default-arg","locations":[{"start":{"line":26,"column":89},"end":{"line":26,"column":91}}],"line":26},"9":{"loc":{"start":{"line":26,"column":42},"end":{"line":26,"column":54}},"type":"default-arg","locations":[{"start":{"line":26,"column":51},"end":{"line":26,"column":54}}],"line":26},"10":{"loc":{"start":{"line":26,"column":56},"end":{"line":26,"column":68}},"type":"default-arg","locations":[{"start":{"line":26,"column":64},"end":{"line":26,"column":68}}],"line":26},"11":{"loc":{"start":{"line":26,"column":70},"end":{"line":26,"column":84}},"type":"default-arg","locations":[{"start":{"line":26,"column":80},"end":{"line":26,"column":84}}],"line":26},"12":{"loc":{"start":{"line":33,"column":20},"end":{"line":33,"column":40}},"type":"binary-expr","locations":[{"start":{"line":33,"column":20},"end":{"line":33,"column":32}},{"start":{"line":33,"column":36},"end":{"line":33,"column":40}}],"line":33},"13":{"loc":{"start":{"line":46,"column":4},"end":{"line":49,"column":5}},"type":"if","locations":[{"start":{"line":46,"column":4},"end":{"line":49,"column":5}},{"start":{},"end":{}}],"line":46},"14":{"loc":{"start":{"line":47,"column":8},"end":{"line":47,"column":77}},"type":"if","locations":[{"start":{"line":47,"column":8},"end":{"line":47,"column":77}},{"start":{},"end":{}}],"line":47},"15":{"loc":{"start":{"line":54,"column":44},"end":{"line":54,"column":68}},"type":"binary-expr","locations":[{"start":{"line":54,"column":44},"end":{"line":54,"column":60}},{"start":{"line":54,"column":64},"end":{"line":54,"column":68}}],"line":54},"16":{"loc":{"start":{"line":66,"column":47},"end":{"line":66,"column":71}},"type":"binary-expr","locations":[{"start":{"line":66,"column":47},"end":{"line":66,"column":63}},{"start":{"line":66,"column":67},"end":{"line":66,"column":71}}],"line":66},"17":{"loc":{"start":{"line":70,"column":47},"end":{"line":70,"column":71}},"type":"binary-expr","locations":[{"start":{"line":70,"column":47},"end":{"line":70,"column":63}},{"start":{"line":70,"column":67},"end":{"line":70,"column":71}}],"line":70},"18":{"loc":{"start":{"line":78,"column":28},"end":{"line":78,"column":73}},"type":"binary-expr","locations":[{"start":{"line":78,"column":28},"end":{"line":78,"column":44}},{"start":{"line":78,"column":48},"end":{"line":78,"column":73}}],"line":78},"19":{"loc":{"start":{"line":81,"column":12},"end":{"line":81,"column":69}},"type":"if","locations":[{"start":{"line":81,"column":12},"end":{"line":81,"column":69}},{"start":{},"end":{}}],"line":81},"20":{"loc":{"start":{"line":87,"column":28},"end":{"line":87,"column":51}},"type":"binary-expr","locations":[{"start":{"line":87,"column":28},"end":{"line":87,"column":43}},{"start":{"line":87,"column":47},"end":{"line":87,"column":51}}],"line":87},"21":{"loc":{"start":{"line":99,"column":28},"end":{"line":99,"column":73}},"type":"binary-expr","locations":[{"start":{"line":99,"column":28},"end":{"line":99,"column":44}},{"start":{"line":99,"column":48},"end":{"line":99,"column":73}}],"line":99},"22":{"loc":{"start":{"line":100,"column":4},"end":{"line":102,"column":5}},"type":"if","locations":[{"start":{"line":100,"column":4},"end":{"line":102,"column":5}},{"start":{},"end":{}}],"line":100},"23":{"loc":{"start":{"line":120,"column":28},"end":{"line":120,"column":73}},"type":"binary-expr","locations":[{"start":{"line":120,"column":28},"end":{"line":120,"column":44}},{"start":{"line":120,"column":48},"end":{"line":120,"column":73}}],"line":120},"24":{"loc":{"start":{"line":123,"column":32},"end":{"line":123,"column":85}},"type":"cond-expr","locations":[{"start":{"line":123,"column":64},"end":{"line":123,"column":80}},{"start":{"line":123,"column":83},"end":{"line":123,"column":85}}],"line":123},"25":{"loc":{"start":{"line":124,"column":31},"end":{"line":124,"column":82}},"type":"cond-expr","locations":[{"start":{"line":124,"column":62},"end":{"line":124,"column":77}},{"start":{"line":124,"column":80},"end":{"line":124,"column":82}}],"line":124},"26":{"loc":{"start":{"line":125,"column":28},"end":{"line":125,"column":87}},"type":"cond-expr","locations":[{"start":{"line":125,"column":56},"end":{"line":125,"column":82}},{"start":{"line":125,"column":85},"end":{"line":125,"column":87}}],"line":125},"27":{"loc":{"start":{"line":126,"column":28},"end":{"line":126,"column":73}},"type":"cond-expr","locations":[{"start":{"line":126,"column":56},"end":{"line":126,"column":68}},{"start":{"line":126,"column":71},"end":{"line":126,"column":73}}],"line":126},"28":{"loc":{"start":{"line":127,"column":30},"end":{"line":127,"column":79}},"type":"cond-expr","locations":[{"start":{"line":127,"column":60},"end":{"line":127,"column":74}},{"start":{"line":127,"column":77},"end":{"line":127,"column":79}}],"line":127},"29":{"loc":{"start":{"line":129,"column":4},"end":{"line":131,"column":5}},"type":"if","locations":[{"start":{"line":129,"column":4},"end":{"line":131,"column":5}},{"start":{},"end":{}}],"line":129},"30":{"loc":{"start":{"line":129,"column":8},"end":{"line":129,"column":91}},"type":"binary-expr","locations":[{"start":{"line":129,"column":8},"end":{"line":129,"column":28}},{"start":{"line":129,"column":32},"end":{"line":129,"column":51}},{"start":{"line":129,"column":55},"end":{"line":129,"column":71}},{"start":{"line":129,"column":75},"end":{"line":129,"column":91}}],"line":129},"31":{"loc":{"start":{"line":133,"column":4},"end":{"line":135,"column":5}},"type":"if","locations":[{"start":{"line":133,"column":4},"end":{"line":135,"column":5}},{"start":{},"end":{}}],"line":133},"32":{"loc":{"start":{"line":144,"column":25},"end":{"line":144,"column":50}},"type":"binary-expr","locations":[{"start":{"line":144,"column":25},"end":{"line":144,"column":42}},{"start":{"line":144,"column":46},"end":{"line":144,"column":50}}],"line":144},"33":{"loc":{"start":{"line":157,"column":31},"end":{"line":157,"column":82}},"type":"cond-expr","locations":[{"start":{"line":157,"column":62},"end":{"line":157,"column":77}},{"start":{"line":157,"column":80},"end":{"line":157,"column":82}}],"line":157},"34":{"loc":{"start":{"line":158,"column":27},"end":{"line":158,"column":62}},"type":"cond-expr","locations":[{"start":{"line":158,"column":46},"end":{"line":158,"column":53}},{"start":{"line":158,"column":56},"end":{"line":158,"column":62}}],"line":158},"35":{"loc":{"start":{"line":163,"column":16},"end":{"line":163,"column":79}},"type":"if","locations":[{"start":{"line":163,"column":16},"end":{"line":163,"column":79}},{"start":{},"end":{}}],"line":163},"36":{"loc":{"start":{"line":164,"column":16},"end":{"line":166,"column":17}},"type":"if","locations":[{"start":{"line":164,"column":16},"end":{"line":166,"column":17}},{"start":{},"end":{}}],"line":164},"37":{"loc":{"start":{"line":164,"column":20},"end":{"line":164,"column":95}},"type":"binary-expr","locations":[{"start":{"line":164,"column":20},"end":{"line":164,"column":47}},{"start":{"line":164,"column":51},"end":{"line":164,"column":76}},{"start":{"line":164,"column":80},"end":{"line":164,"column":95}}],"line":164},"38":{"loc":{"start":{"line":170,"column":12},"end":{"line":172,"column":13}},"type":"if","locations":[{"start":{"line":170,"column":12},"end":{"line":172,"column":13}},{"start":{},"end":{}}],"line":170},"39":{"loc":{"start":{"line":170,"column":16},"end":{"line":170,"column":38}},"type":"binary-expr","locations":[{"start":{"line":170,"column":16},"end":{"line":170,"column":22}},{"start":{"line":170,"column":26},"end":{"line":170,"column":38}}],"line":170},"40":{"loc":{"start":{"line":184,"column":31},"end":{"line":184,"column":82}},"type":"cond-expr","locations":[{"start":{"line":184,"column":62},"end":{"line":184,"column":77}},{"start":{"line":184,"column":80},"end":{"line":184,"column":82}}],"line":184},"41":{"loc":{"start":{"line":185,"column":28},"end":{"line":185,"column":87}},"type":"cond-expr","locations":[{"start":{"line":185,"column":56},"end":{"line":185,"column":82}},{"start":{"line":185,"column":85},"end":{"line":185,"column":87}}],"line":185},"42":{"loc":{"start":{"line":186,"column":31},"end":{"line":186,"column":75}},"type":"cond-expr","locations":[{"start":{"line":186,"column":62},"end":{"line":186,"column":70}},{"start":{"line":186,"column":73},"end":{"line":186,"column":75}}],"line":186},"43":{"loc":{"start":{"line":188,"column":4},"end":{"line":190,"column":5}},"type":"if","locations":[{"start":{"line":188,"column":4},"end":{"line":190,"column":5}},{"start":{},"end":{}}],"line":188},"44":{"loc":{"start":{"line":188,"column":8},"end":{"line":188,"column":70}},"type":"binary-expr","locations":[{"start":{"line":188,"column":8},"end":{"line":188,"column":27}},{"start":{"line":188,"column":31},"end":{"line":188,"column":47}},{"start":{"line":188,"column":51},"end":{"line":188,"column":70}}],"line":188},"45":{"loc":{"start":{"line":191,"column":4},"end":{"line":193,"column":5}},"type":"if","locations":[{"start":{"line":191,"column":4},"end":{"line":193,"column":5}},{"start":{},"end":{}}],"line":191},"46":{"loc":{"start":{"line":194,"column":4},"end":{"line":196,"column":5}},"type":"if","locations":[{"start":{"line":194,"column":4},"end":{"line":196,"column":5}},{"start":{},"end":{}}],"line":194},"47":{"loc":{"start":{"line":203,"column":4},"end":{"line":205,"column":5}},"type":"if","locations":[{"start":{"line":203,"column":4},"end":{"line":205,"column":5}},{"start":{},"end":{}}],"line":203},"48":{"loc":{"start":{"line":203,"column":8},"end":{"line":203,"column":38}},"type":"binary-expr","locations":[{"start":{"line":203,"column":8},"end":{"line":203,"column":17}},{"start":{"line":203,"column":21},"end":{"line":203,"column":38}}],"line":203},"49":{"loc":{"start":{"line":231,"column":31},"end":{"line":231,"column":82}},"type":"cond-expr","locations":[{"start":{"line":231,"column":62},"end":{"line":231,"column":77}},{"start":{"line":231,"column":80},"end":{"line":231,"column":82}}],"line":231},"50":{"loc":{"start":{"line":232,"column":31},"end":{"line":232,"column":75}},"type":"cond-expr","locations":[{"start":{"line":232,"column":62},"end":{"line":232,"column":70}},{"start":{"line":232,"column":73},"end":{"line":232,"column":75}}],"line":232},"51":{"loc":{"start":{"line":234,"column":4},"end":{"line":237,"column":5}},"type":"if","locations":[{"start":{"line":234,"column":4},"end":{"line":237,"column":5}},{"start":{},"end":{}}],"line":234},"52":{"loc":{"start":{"line":234,"column":8},"end":{"line":234,"column":76}},"type":"binary-expr","locations":[{"start":{"line":234,"column":8},"end":{"line":234,"column":38}},{"start":{"line":234,"column":42},"end":{"line":234,"column":76}}],"line":234},"53":{"loc":{"start":{"line":248,"column":4},"end":{"line":250,"column":5}},"type":"if","locations":[{"start":{"line":248,"column":4},"end":{"line":250,"column":5}},{"start":{},"end":{}}],"line":248},"54":{"loc":{"start":{"line":248,"column":8},"end":{"line":248,"column":49}},"type":"binary-expr","locations":[{"start":{"line":248,"column":8},"end":{"line":248,"column":20}},{"start":{"line":248,"column":24},"end":{"line":248,"column":49}}],"line":248},"55":{"loc":{"start":{"line":252,"column":4},"end":{"line":254,"column":5}},"type":"if","locations":[{"start":{"line":252,"column":4},"end":{"line":254,"column":5}},{"start":{},"end":{}}],"line":252},"56":{"loc":{"start":{"line":252,"column":8},"end":{"line":252,"column":71}},"type":"binary-expr","locations":[{"start":{"line":252,"column":8},"end":{"line":252,"column":26}},{"start":{"line":252,"column":30},"end":{"line":252,"column":71}}],"line":252},"57":{"loc":{"start":{"line":256,"column":28},"end":{"line":258,"column":57}},"type":"cond-expr","locations":[{"start":{"line":257,"column":10},"end":{"line":257,"column":76}},{"start":{"line":258,"column":10},"end":{"line":258,"column":57}}],"line":256},"58":{"loc":{"start":{"line":260,"column":4},"end":{"line":269,"column":5}},"type":"if","locations":[{"start":{"line":260,"column":4},"end":{"line":269,"column":5}},{"start":{},"end":{}}],"line":260},"59":{"loc":{"start":{"line":262,"column":8},"end":{"line":265,"column":9}},"type":"if","locations":[{"start":{"line":262,"column":8},"end":{"line":265,"column":9}},{"start":{},"end":{}}],"line":262},"60":{"loc":{"start":{"line":267,"column":8},"end":{"line":267,"column":72}},"type":"if","locations":[{"start":{"line":267,"column":8},"end":{"line":267,"column":72}},{"start":{},"end":{}}],"line":267},"61":{"loc":{"start":{"line":276,"column":27},"end":{"line":276,"column":64}},"type":"binary-expr","locations":[{"start":{"line":276,"column":27},"end":{"line":276,"column":47}},{"start":{"line":276,"column":51},"end":{"line":276,"column":64}}],"line":276},"62":{"loc":{"start":{"line":277,"column":22},"end":{"line":277,"column":90}},"type":"binary-expr","locations":[{"start":{"line":277,"column":22},"end":{"line":277,"column":47}},{"start":{"line":277,"column":51},"end":{"line":277,"column":68}},{"start":{"line":277,"column":72},"end":{"line":277,"column":90}}],"line":277},"63":{"loc":{"start":{"line":279,"column":4},"end":{"line":281,"column":5}},"type":"if","locations":[{"start":{"line":279,"column":4},"end":{"line":281,"column":5}},{"start":{},"end":{}}],"line":279},"64":{"loc":{"start":{"line":279,"column":8},"end":{"line":279,"column":42}},"type":"binary-expr","locations":[{"start":{"line":279,"column":8},"end":{"line":279,"column":28}},{"start":{"line":279,"column":32},"end":{"line":279,"column":42}}],"line":279},"65":{"loc":{"start":{"line":289,"column":27},"end":{"line":289,"column":64}},"type":"binary-expr","locations":[{"start":{"line":289,"column":27},"end":{"line":289,"column":47}},{"start":{"line":289,"column":51},"end":{"line":289,"column":64}}],"line":289},"66":{"loc":{"start":{"line":290,"column":22},"end":{"line":290,"column":90}},"type":"binary-expr","locations":[{"start":{"line":290,"column":22},"end":{"line":290,"column":47}},{"start":{"line":290,"column":51},"end":{"line":290,"column":68}},{"start":{"line":290,"column":72},"end":{"line":290,"column":90}}],"line":290},"67":{"loc":{"start":{"line":291,"column":4},"end":{"line":293,"column":5}},"type":"if","locations":[{"start":{"line":291,"column":4},"end":{"line":293,"column":5}},{"start":{},"end":{}}],"line":291},"68":{"loc":{"start":{"line":294,"column":4},"end":{"line":296,"column":5}},"type":"if","locations":[{"start":{"line":294,"column":4},"end":{"line":296,"column":5}},{"start":{},"end":{}}],"line":294},"69":{"loc":{"start":{"line":299,"column":28},"end":{"line":299,"column":87}},"type":"cond-expr","locations":[{"start":{"line":299,"column":56},"end":{"line":299,"column":82}},{"start":{"line":299,"column":85},"end":{"line":299,"column":87}}],"line":299},"70":{"loc":{"start":{"line":300,"column":4},"end":{"line":302,"column":5}},"type":"if","locations":[{"start":{"line":300,"column":4},"end":{"line":302,"column":5}},{"start":{},"end":{}}],"line":300},"71":{"loc":{"start":{"line":305,"column":4},"end":{"line":318,"column":5}},"type":"if","locations":[{"start":{"line":305,"column":4},"end":{"line":318,"column":5}},{"start":{},"end":{}}],"line":305},"72":{"loc":{"start":{"line":332,"column":31},"end":{"line":332,"column":82}},"type":"cond-expr","locations":[{"start":{"line":332,"column":62},"end":{"line":332,"column":77}},{"start":{"line":332,"column":80},"end":{"line":332,"column":82}}],"line":332},"73":{"loc":{"start":{"line":333,"column":31},"end":{"line":333,"column":75}},"type":"cond-expr","locations":[{"start":{"line":333,"column":62},"end":{"line":333,"column":70}},{"start":{"line":333,"column":73},"end":{"line":333,"column":75}}],"line":333},"74":{"loc":{"start":{"line":334,"column":28},"end":{"line":334,"column":87}},"type":"cond-expr","locations":[{"start":{"line":334,"column":56},"end":{"line":334,"column":82}},{"start":{"line":334,"column":85},"end":{"line":334,"column":87}}],"line":334},"75":{"loc":{"start":{"line":335,"column":32},"end":{"line":335,"column":85}},"type":"cond-expr","locations":[{"start":{"line":335,"column":64},"end":{"line":335,"column":80}},{"start":{"line":335,"column":83},"end":{"line":335,"column":85}}],"line":335},"76":{"loc":{"start":{"line":336,"column":31},"end":{"line":336,"column":82}},"type":"cond-expr","locations":[{"start":{"line":336,"column":62},"end":{"line":336,"column":77}},{"start":{"line":336,"column":80},"end":{"line":336,"column":82}}],"line":336},"77":{"loc":{"start":{"line":337,"column":28},"end":{"line":337,"column":73}},"type":"cond-expr","locations":[{"start":{"line":337,"column":56},"end":{"line":337,"column":68}},{"start":{"line":337,"column":71},"end":{"line":337,"column":73}}],"line":337},"78":{"loc":{"start":{"line":338,"column":30},"end":{"line":338,"column":79}},"type":"cond-expr","locations":[{"start":{"line":338,"column":60},"end":{"line":338,"column":74}},{"start":{"line":338,"column":77},"end":{"line":338,"column":79}}],"line":338},"79":{"loc":{"start":{"line":340,"column":4},"end":{"line":342,"column":5}},"type":"if","locations":[{"start":{"line":340,"column":4},"end":{"line":342,"column":5}},{"start":{},"end":{}}],"line":340},"80":{"loc":{"start":{"line":340,"column":8},"end":{"line":340,"column":137}},"type":"binary-expr","locations":[{"start":{"line":340,"column":8},"end":{"line":340,"column":27}},{"start":{"line":340,"column":31},"end":{"line":340,"column":50}},{"start":{"line":340,"column":54},"end":{"line":340,"column":70}},{"start":{"line":340,"column":74},"end":{"line":340,"column":94}},{"start":{"line":340,"column":98},"end":{"line":340,"column":117}},{"start":{"line":340,"column":121},"end":{"line":340,"column":137}}],"line":340},"81":{"loc":{"start":{"line":343,"column":4},"end":{"line":345,"column":5}},"type":"if","locations":[{"start":{"line":343,"column":4},"end":{"line":345,"column":5}},{"start":{},"end":{}}],"line":343},"82":{"loc":{"start":{"line":346,"column":4},"end":{"line":348,"column":5}},"type":"if","locations":[{"start":{"line":346,"column":4},"end":{"line":348,"column":5}},{"start":{},"end":{}}],"line":346},"83":{"loc":{"start":{"line":350,"column":4},"end":{"line":352,"column":5}},"type":"if","locations":[{"start":{"line":350,"column":4},"end":{"line":352,"column":5}},{"start":{},"end":{}}],"line":350},"84":{"loc":{"start":{"line":356,"column":4},"end":{"line":358,"column":5}},"type":"if","locations":[{"start":{"line":356,"column":4},"end":{"line":358,"column":5}},{"start":{},"end":{}}],"line":356},"85":{"loc":{"start":{"line":356,"column":8},"end":{"line":356,"column":39}},"type":"binary-expr","locations":[{"start":{"line":356,"column":8},"end":{"line":356,"column":21}},{"start":{"line":356,"column":25},"end":{"line":356,"column":39}}],"line":356},"86":{"loc":{"start":{"line":366,"column":17},"end":{"line":366,"column":42}},"type":"binary-expr","locations":[{"start":{"line":366,"column":17},"end":{"line":366,"column":34}},{"start":{"line":366,"column":38},"end":{"line":366,"column":42}}],"line":366},"87":{"loc":{"start":{"line":378,"column":8},"end":{"line":378,"column":66}},"type":"if","locations":[{"start":{"line":378,"column":8},"end":{"line":378,"column":66}},{"start":{},"end":{}}],"line":378},"88":{"loc":{"start":{"line":390,"column":4},"end":{"line":394,"column":5}},"type":"if","locations":[{"start":{"line":390,"column":4},"end":{"line":394,"column":5}},{"start":{"line":392,"column":11},"end":{"line":394,"column":5}}],"line":390},"89":{"loc":{"start":{"line":398,"column":4},"end":{"line":402,"column":5}},"type":"if","locations":[{"start":{"line":398,"column":4},"end":{"line":402,"column":5}},{"start":{"line":400,"column":11},"end":{"line":402,"column":5}}],"line":398},"90":{"loc":{"start":{"line":398,"column":8},"end":{"line":398,"column":61}},"type":"binary-expr","locations":[{"start":{"line":398,"column":8},"end":{"line":398,"column":24}},{"start":{"line":398,"column":28},"end":{"line":398,"column":61}}],"line":398},"91":{"loc":{"start":{"line":412,"column":4},"end":{"line":414,"column":5}},"type":"if","locations":[{"start":{"line":412,"column":4},"end":{"line":414,"column":5}},{"start":{},"end":{}}],"line":412},"92":{"loc":{"start":{"line":420,"column":25},"end":{"line":420,"column":51}},"type":"binary-expr","locations":[{"start":{"line":420,"column":25},"end":{"line":420,"column":33}},{"start":{"line":420,"column":37},"end":{"line":420,"column":51}}],"line":420},"93":{"loc":{"start":{"line":421,"column":4},"end":{"line":423,"column":5}},"type":"if","locations":[{"start":{"line":421,"column":4},"end":{"line":423,"column":5}},{"start":{},"end":{}}],"line":421},"94":{"loc":{"start":{"line":421,"column":8},"end":{"line":421,"column":89}},"type":"binary-expr","locations":[{"start":{"line":421,"column":8},"end":{"line":421,"column":21}},{"start":{"line":421,"column":25},"end":{"line":421,"column":47}},{"start":{"line":421,"column":51},"end":{"line":421,"column":89}}],"line":421}},"s":{"0":7,"1":7,"2":7,"3":7,"4":7,"5":5,"6":1,"7":1,"8":1,"9":0,"10":1,"11":0,"12":1,"13":15,"14":0,"15":15,"16":15,"17":0,"18":15,"19":8,"20":8,"21":8,"22":7,"23":3,"24":2,"25":1,"26":1,"27":1,"28":7,"29":1,"30":7,"31":1,"32":7,"33":1,"34":7,"35":1,"36":7,"37":1,"38":7,"39":1,"40":0,"41":7,"42":1,"43":1,"44":1,"45":0,"46":1,"47":0,"48":7,"49":3,"50":3,"51":1,"52":2,"53":2,"54":1,"55":1,"56":7,"57":4,"58":4,"59":4,"60":4,"61":4,"62":4,"63":4,"64":4,"65":1,"66":3,"67":1,"68":2,"69":2,"70":1,"71":1,"72":1,"73":7,"74":3,"75":3,"76":3,"77":3,"78":2,"79":2,"80":0,"81":2,"82":1,"83":1,"84":1,"85":2,"86":1,"87":1,"88":1,"89":7,"90":5,"91":5,"92":5,"93":5,"94":5,"95":1,"96":4,"97":1,"98":3,"99":1,"100":2,"101":2,"102":2,"103":1,"104":1,"105":1,"106":1,"107":7,"108":6,"109":6,"110":6,"111":6,"112":1,"113":1,"114":5,"115":5,"116":1,"117":4,"118":1,"119":3,"120":3,"121":2,"122":1,"123":1,"124":2,"125":2,"126":0,"127":2,"128":1,"129":7,"130":3,"131":3,"132":3,"133":3,"134":1,"135":2,"136":7,"137":5,"138":5,"139":5,"140":5,"141":2,"142":3,"143":1,"144":2,"145":2,"146":2,"147":1,"148":1,"149":1,"150":0,"151":0,"152":1,"153":1,"154":7,"155":7,"156":7,"157":7,"158":7,"159":7,"160":7,"161":7,"162":7,"163":7,"164":1,"165":6,"166":1,"167":5,"168":1,"169":4,"170":1,"171":3,"172":3,"173":3,"174":1,"175":2,"176":2,"177":2,"178":7,"179":1,"180":1,"181":0,"182":1,"183":7,"184":2,"185":1,"186":1,"187":7,"188":2,"189":1,"190":1,"191":7,"192":1,"193":1,"194":1,"195":1,"196":7,"197":2,"198":2,"199":1,"200":1},"f":{"0":5,"1":1,"2":15,"3":8,"4":8,"5":3,"6":1,"7":1,"8":1,"9":1,"10":1,"11":1,"12":0,"13":1,"14":1,"15":0,"16":3,"17":1,"18":1,"19":4,"20":3,"21":2,"22":2,"23":1,"24":2,"25":1,"26":5,"27":6,"28":3,"29":5,"30":7,"31":1,"32":1,"33":2,"34":2,"35":1,"36":2},"b":{"0":[7,7],"1":[5,5],"2":[1,0],"3":[0,1],"4":[0,1],"5":[0,15],"6":[0,15],"7":[15,15],"8":[1],"9":[2],"10":[2],"11":[5],"12":[8,8],"13":[2,1],"14":[1,1],"15":[1,1],"16":[1,1],"17":[1,1],"18":[1,1],"19":[0,1],"20":[1,1],"21":[3,3],"22":[1,2],"23":[4,4],"24":[3,1],"25":[3,1],"26":[3,1],"27":[3,1],"28":[0,4],"29":[1,3],"30":[4,3,3,3],"31":[1,2],"32":[2,2],"33":[3,0],"34":[2,1],"35":[0,2],"36":[1,1],"37":[2,1,1],"38":[1,1],"39":[2,2],"40":[4,1],"41":[4,1],"42":[4,1],"43":[1,4],"44":[5,4,4],"45":[1,3],"46":[1,2],"47":[1,1],"48":[2,1],"49":[6,0],"50":[6,0],"51":[1,5],"52":[6,1],"53":[1,4],"54":[5,4],"55":[1,3],"56":[4,4],"57":[2,1],"58":[2,1],"59":[1,1],"60":[0,2],"61":[3,0],"62":[3,1,1],"63":[1,2],"64":[3,2],"65":[5,0],"66":[5,5,5],"67":[2,3],"68":[1,2],"69":[2,0],"70":[1,1],"71":[0,1],"72":[6,1],"73":[6,1],"74":[6,1],"75":[6,1],"76":[6,1],"77":[6,1],"78":[1,6],"79":[1,6],"80":[7,6,6,6,6,6],"81":[1,5],"82":[1,4],"83":[1,3],"84":[1,2],"85":[3,2],"86":[2,1],"87":[0,1],"88":[1,1],"89":[1,1],"90":[2,2],"91":[1,0],"92":[2,2],"93":[1,1],"94":[2,1,1]},"_coverageSchema":"1a1c01bbd47fc00a2c39e90264f33305004495a9","hash":"5bf96be51a0c729a05f84e47ee6cd01e20d9d81c"}
,"D:\\cp252project\\cp252project\\CameraRentalSystem\\controller\\cameraController.js": {"path":"D:\\cp252project\\cp252project\\CameraRentalSystem\\controller\\cameraController.js","statementMap":{"0":{"start":{"line":1,"column":28},"end":{"line":1,"column":48}},"1":{"start":{"line":2,"column":18},"end":{"line":2,"column":44}},"2":{"start":{"line":3,"column":52},"end":{"line":3,"column":85}},"3":{"start":{"line":4,"column":73},"end":{"line":4,"column":96}},"4":{"start":{"line":7,"column":19},"end":{"line":7,"column":39}},"5":{"start":{"line":8,"column":4},"end":{"line":8,"column":52}},"6":{"start":{"line":8,"column":40},"end":{"line":8,"column":52}},"7":{"start":{"line":10,"column":4},"end":{"line":10,"column":18}},"8":{"start":{"line":14,"column":23},"end":{"line":14,"column":44}},"9":{"start":{"line":15,"column":4},"end":{"line":15,"column":67}},"10":{"start":{"line":15,"column":37},"end":{"line":15,"column":57}},"11":{"start":{"line":19,"column":21},"end":{"line":19,"column":66}},"12":{"start":{"line":20,"column":4},"end":{"line":20,"column":31}},"13":{"start":{"line":20,"column":19},"end":{"line":20,"column":31}},"14":{"start":{"line":21,"column":4},"end":{"line":21,"column":63}},"15":{"start":{"line":25,"column":4},"end":{"line":25,"column":57}},"16":{"start":{"line":25,"column":38},"end":{"line":25,"column":57}},"17":{"start":{"line":26,"column":4},"end":{"line":26,"column":57}},"18":{"start":{"line":26,"column":38},"end":{"line":26,"column":57}},"19":{"start":{"line":27,"column":4},"end":{"line":27,"column":54}},"20":{"start":{"line":27,"column":35},"end":{"line":27,"column":54}},"21":{"start":{"line":28,"column":4},"end":{"line":28,"column":35}},"22":{"start":{"line":32,"column":4},"end":{"line":32,"column":43}},"23":{"start":{"line":32,"column":31},"end":{"line":32,"column":43}},"24":{"start":{"line":33,"column":4},"end":{"line":33,"column":45}},"25":{"start":{"line":33,"column":33},"end":{"line":33,"column":45}},"26":{"start":{"line":34,"column":4},"end":{"line":34,"column":45}},"27":{"start":{"line":34,"column":33},"end":{"line":34,"column":45}},"28":{"start":{"line":35,"column":4},"end":{"line":35,"column":48}},"29":{"start":{"line":35,"column":36},"end":{"line":35,"column":48}},"30":{"start":{"line":36,"column":4},"end":{"line":36,"column":17}},"31":{"start":{"line":40,"column":27},"end":{"line":40,"column":59}},"32":{"start":{"line":41,"column":4},"end":{"line":41,"column":37}},"33":{"start":{"line":41,"column":25},"end":{"line":41,"column":37}},"34":{"start":{"line":42,"column":18},"end":{"line":42,"column":58}},"35":{"start":{"line":43,"column":18},"end":{"line":43,"column":58}},"36":{"start":{"line":44,"column":17},"end":{"line":44,"column":36}},"37":{"start":{"line":45,"column":23},"end":{"line":45,"column":52}},"38":{"start":{"line":47,"column":4},"end":{"line":47,"column":53}},"39":{"start":{"line":47,"column":35},"end":{"line":47,"column":53}},"40":{"start":{"line":48,"column":4},"end":{"line":48,"column":57}},"41":{"start":{"line":48,"column":38},"end":{"line":48,"column":57}},"42":{"start":{"line":49,"column":4},"end":{"line":49,"column":16}},"43":{"start":{"line":58,"column":0},"end":{"line":130,"column":2}},"44":{"start":{"line":59,"column":24},"end":{"line":59,"column":46}},"45":{"start":{"line":60,"column":25},"end":{"line":60,"column":67}},"46":{"start":{"line":61,"column":21},"end":{"line":61,"column":89}},"47":{"start":{"line":62,"column":21},"end":{"line":62,"column":89}},"48":{"start":{"line":65,"column":28},"end":{"line":65,"column":52}},"49":{"start":{"line":66,"column":23},"end":{"line":66,"column":99}},"50":{"start":{"line":66,"column":51},"end":{"line":66,"column":97}},"51":{"start":{"line":69,"column":21},"end":{"line":69,"column":42}},"52":{"start":{"line":72,"column":19},"end":{"line":72,"column":68}},"53":{"start":{"line":72,"column":51},"end":{"line":72,"column":58}},"54":{"start":{"line":75,"column":24},"end":{"line":75,"column":33}},"55":{"start":{"line":76,"column":4},"end":{"line":96,"column":7}},"56":{"start":{"line":77,"column":20},"end":{"line":77,"column":47}},"57":{"start":{"line":78,"column":8},"end":{"line":95,"column":9}},"58":{"start":{"line":79,"column":12},"end":{"line":83,"column":15}},"59":{"start":{"line":85,"column":26},"end":{"line":85,"column":46}},"60":{"start":{"line":86,"column":12},"end":{"line":86,"column":34}},"61":{"start":{"line":87,"column":12},"end":{"line":94,"column":13}},"62":{"start":{"line":88,"column":16},"end":{"line":88,"column":42}},"63":{"start":{"line":90,"column":16},"end":{"line":93,"column":17}},"64":{"start":{"line":91,"column":20},"end":{"line":91,"column":38}},"65":{"start":{"line":92,"column":20},"end":{"line":92,"column":47}},"66":{"start":{"line":98,"column":26},"end":{"line":98,"column":58}},"67":{"start":{"line":100,"column":4},"end":{"line":102,"column":5}},"68":{"start":{"line":101,"column":8},"end":{"line":101,"column":102}},"69":{"start":{"line":101,"column":61},"end":{"line":101,"column":100}},"70":{"start":{"line":103,"column":4},"end":{"line":110,"column":5}},"71":{"start":{"line":104,"column":27},"end":{"line":104,"column":52}},"72":{"start":{"line":105,"column":8},"end":{"line":109,"column":10}},"73":{"start":{"line":106,"column":12},"end":{"line":108,"column":81}},"74":{"start":{"line":113,"column":4},"end":{"line":115,"column":5}},"75":{"start":{"line":114,"column":8},"end":{"line":114,"column":81}},"76":{"start":{"line":114,"column":54},"end":{"line":114,"column":79}},"77":{"start":{"line":116,"column":4},"end":{"line":118,"column":5}},"78":{"start":{"line":117,"column":8},"end":{"line":117,"column":81}},"79":{"start":{"line":117,"column":54},"end":{"line":117,"column":79}},"80":{"start":{"line":120,"column":4},"end":{"line":129,"column":7}},"81":{"start":{"line":132,"column":0},"end":{"line":163,"column":2}},"82":{"start":{"line":133,"column":59},"end":{"line":133,"column":67}},"83":{"start":{"line":134,"column":28},"end":{"line":134,"column":73}},"84":{"start":{"line":135,"column":28},"end":{"line":135,"column":73}},"85":{"start":{"line":136,"column":28},"end":{"line":136,"column":41}},"86":{"start":{"line":137,"column":34},"end":{"line":137,"column":53}},"87":{"start":{"line":138,"column":31},"end":{"line":138,"column":82}},"88":{"start":{"line":139,"column":30},"end":{"line":139,"column":86}},"89":{"start":{"line":141,"column":33},"end":{"line":141,"column":68}},"90":{"start":{"line":143,"column":4},"end":{"line":145,"column":5}},"91":{"start":{"line":144,"column":8},"end":{"line":144,"column":68}},"92":{"start":{"line":146,"column":4},"end":{"line":148,"column":5}},"93":{"start":{"line":147,"column":8},"end":{"line":147,"column":76}},"94":{"start":{"line":149,"column":4},"end":{"line":151,"column":5}},"95":{"start":{"line":150,"column":8},"end":{"line":150,"column":76}},"96":{"start":{"line":153,"column":4},"end":{"line":160,"column":7}},"97":{"start":{"line":162,"column":4},"end":{"line":162,"column":35}},"98":{"start":{"line":170,"column":0},"end":{"line":195,"column":2}},"99":{"start":{"line":171,"column":4},"end":{"line":194,"column":5}},"100":{"start":{"line":172,"column":24},"end":{"line":175,"column":10}},"101":{"start":{"line":177,"column":8},"end":{"line":190,"column":11}},"102":{"start":{"line":180,"column":39},"end":{"line":189,"column":13}},"103":{"start":{"line":192,"column":8},"end":{"line":192,"column":62}},"104":{"start":{"line":193,"column":8},"end":{"line":193,"column":62}},"105":{"start":{"line":202,"column":0},"end":{"line":219,"column":2}},"106":{"start":{"line":203,"column":15},"end":{"line":203,"column":36}},"107":{"start":{"line":204,"column":19},"end":{"line":204,"column":62}},"108":{"start":{"line":206,"column":4},"end":{"line":206,"column":90}},"109":{"start":{"line":206,"column":41},"end":{"line":206,"column":90}},"110":{"start":{"line":207,"column":4},"end":{"line":207,"column":102}},"111":{"start":{"line":207,"column":56},"end":{"line":207,"column":102}},"112":{"start":{"line":209,"column":4},"end":{"line":218,"column":5}},"113":{"start":{"line":210,"column":23},"end":{"line":210,"column":51}},"114":{"start":{"line":211,"column":8},"end":{"line":211,"column":69}},"115":{"start":{"line":211,"column":21},"end":{"line":211,"column":69}},"116":{"start":{"line":212,"column":8},"end":{"line":212,"column":31}},"117":{"start":{"line":213,"column":8},"end":{"line":213,"column":28}},"118":{"start":{"line":214,"column":8},"end":{"line":214,"column":46}},"119":{"start":{"line":216,"column":8},"end":{"line":216,"column":64}},"120":{"start":{"line":217,"column":8},"end":{"line":217,"column":63}},"121":{"start":{"line":221,"column":0},"end":{"line":234,"column":2}},"122":{"start":{"line":222,"column":15},"end":{"line":222,"column":36}},"123":{"start":{"line":223,"column":4},"end":{"line":223,"column":90}},"124":{"start":{"line":223,"column":41},"end":{"line":223,"column":90}},"125":{"start":{"line":225,"column":4},"end":{"line":233,"column":5}},"126":{"start":{"line":226,"column":23},"end":{"line":226,"column":51}},"127":{"start":{"line":227,"column":8},"end":{"line":227,"column":69}},"128":{"start":{"line":227,"column":21},"end":{"line":227,"column":69}},"129":{"start":{"line":228,"column":8},"end":{"line":228,"column":31}},"130":{"start":{"line":229,"column":8},"end":{"line":229,"column":46}},"131":{"start":{"line":231,"column":8},"end":{"line":231,"column":57}},"132":{"start":{"line":232,"column":8},"end":{"line":232,"column":91}},"133":{"start":{"line":242,"column":0},"end":{"line":314,"column":2}},"134":{"start":{"line":243,"column":45},"end":{"line":243,"column":53}},"135":{"start":{"line":244,"column":31},"end":{"line":244,"column":47}},"136":{"start":{"line":245,"column":4},"end":{"line":247,"column":5}},"137":{"start":{"line":246,"column":8},"end":{"line":246,"column":53}},"138":{"start":{"line":249,"column":18},"end":{"line":249,"column":42}},"139":{"start":{"line":250,"column":16},"end":{"line":250,"column":38}},"140":{"start":{"line":251,"column":4},"end":{"line":253,"column":5}},"141":{"start":{"line":252,"column":8},"end":{"line":252,"column":61}},"142":{"start":{"line":254,"column":26},"end":{"line":254,"column":58}},"143":{"start":{"line":255,"column":24},"end":{"line":255,"column":54}},"144":{"start":{"line":256,"column":21},"end":{"line":256,"column":53}},"145":{"start":{"line":258,"column":4},"end":{"line":313,"column":5}},"146":{"start":{"line":259,"column":8},"end":{"line":305,"column":10}},"147":{"start":{"line":262,"column":34},"end":{"line":265,"column":18}},"148":{"start":{"line":266,"column":16},"end":{"line":270,"column":17}},"149":{"start":{"line":267,"column":34},"end":{"line":267,"column":63}},"150":{"start":{"line":268,"column":20},"end":{"line":268,"column":43}},"151":{"start":{"line":269,"column":20},"end":{"line":269,"column":32}},"152":{"start":{"line":271,"column":16},"end":{"line":275,"column":17}},"153":{"start":{"line":272,"column":34},"end":{"line":272,"column":69}},"154":{"start":{"line":273,"column":20},"end":{"line":273,"column":43}},"155":{"start":{"line":274,"column":20},"end":{"line":274,"column":32}},"156":{"start":{"line":278,"column":16},"end":{"line":282,"column":17}},"157":{"start":{"line":279,"column":34},"end":{"line":279,"column":59}},"158":{"start":{"line":280,"column":20},"end":{"line":280,"column":43}},"159":{"start":{"line":281,"column":20},"end":{"line":281,"column":32}},"160":{"start":{"line":284,"column":35},"end":{"line":284,"column":107}},"161":{"start":{"line":285,"column":35},"end":{"line":285,"column":75}},"162":{"start":{"line":286,"column":38},"end":{"line":291,"column":35}},"163":{"start":{"line":292,"column":16},"end":{"line":298,"column":36}},"164":{"start":{"line":300,"column":16},"end":{"line":300,"column":44}},"165":{"start":{"line":301,"column":16},"end":{"line":301,"column":54}},"166":{"start":{"line":303,"column":16},"end":{"line":303,"column":37}},"167":{"start":{"line":306,"column":8},"end":{"line":306,"column":37}},"168":{"start":{"line":308,"column":18},"end":{"line":308,"column":44}},"169":{"start":{"line":309,"column":8},"end":{"line":311,"column":9}},"170":{"start":{"line":310,"column":12},"end":{"line":310,"column":32}},"171":{"start":{"line":312,"column":8},"end":{"line":312,"column":72}},"172":{"start":{"line":316,"column":0},"end":{"line":338,"column":2}},"173":{"start":{"line":317,"column":4},"end":{"line":337,"column":71}},"174":{"start":{"line":325,"column":24},"end":{"line":325,"column":55}},"175":{"start":{"line":325,"column":42},"end":{"line":325,"column":54}},"176":{"start":{"line":326,"column":24},"end":{"line":336,"column":10}},"177":{"start":{"line":327,"column":41},"end":{"line":334,"column":13}},"178":{"start":{"line":337,"column":21},"end":{"line":337,"column":69}},"179":{"start":{"line":340,"column":0},"end":{"line":378,"column":2}},"180":{"start":{"line":341,"column":26},"end":{"line":341,"column":36}},"181":{"start":{"line":342,"column":21},"end":{"line":342,"column":38}},"182":{"start":{"line":343,"column":19},"end":{"line":343,"column":50}},"183":{"start":{"line":344,"column":4},"end":{"line":344,"column":66}},"184":{"start":{"line":344,"column":17},"end":{"line":344,"column":66}},"185":{"start":{"line":345,"column":21},"end":{"line":345,"column":63}},"186":{"start":{"line":346,"column":4},"end":{"line":346,"column":68}},"187":{"start":{"line":346,"column":19},"end":{"line":346,"column":68}},"188":{"start":{"line":347,"column":4},"end":{"line":349,"column":5}},"189":{"start":{"line":348,"column":8},"end":{"line":348,"column":49}},"190":{"start":{"line":352,"column":4},"end":{"line":357,"column":5}},"191":{"start":{"line":353,"column":8},"end":{"line":355,"column":9}},"192":{"start":{"line":354,"column":12},"end":{"line":354,"column":71}},"193":{"start":{"line":356,"column":8},"end":{"line":356,"column":39}},"194":{"start":{"line":359,"column":19},"end":{"line":359,"column":87}},"195":{"start":{"line":360,"column":4},"end":{"line":360,"column":66}},"196":{"start":{"line":360,"column":17},"end":{"line":360,"column":66}},"197":{"start":{"line":361,"column":19},"end":{"line":361,"column":58}},"198":{"start":{"line":362,"column":4},"end":{"line":362,"column":65}},"199":{"start":{"line":362,"column":17},"end":{"line":362,"column":65}},"200":{"start":{"line":364,"column":4},"end":{"line":377,"column":7}},"201":{"start":{"line":380,"column":0},"end":{"line":400,"column":2}},"202":{"start":{"line":381,"column":26},"end":{"line":381,"column":36}},"203":{"start":{"line":382,"column":21},"end":{"line":382,"column":38}},"204":{"start":{"line":383,"column":19},"end":{"line":383,"column":50}},"205":{"start":{"line":384,"column":4},"end":{"line":384,"column":66}},"206":{"start":{"line":384,"column":17},"end":{"line":384,"column":66}},"207":{"start":{"line":385,"column":21},"end":{"line":385,"column":63}},"208":{"start":{"line":386,"column":4},"end":{"line":386,"column":68}},"209":{"start":{"line":386,"column":19},"end":{"line":386,"column":68}},"210":{"start":{"line":387,"column":4},"end":{"line":389,"column":5}},"211":{"start":{"line":388,"column":8},"end":{"line":388,"column":49}},"212":{"start":{"line":391,"column":20},"end":{"line":391,"column":83}},"213":{"start":{"line":392,"column":4},"end":{"line":395,"column":5}},"214":{"start":{"line":394,"column":8},"end":{"line":394,"column":39}},"215":{"start":{"line":397,"column":4},"end":{"line":397,"column":35}},"216":{"start":{"line":398,"column":4},"end":{"line":398,"column":24}},"217":{"start":{"line":399,"column":4},"end":{"line":399,"column":33}},"218":{"start":{"line":402,"column":0},"end":{"line":439,"column":2}},"219":{"start":{"line":403,"column":26},"end":{"line":403,"column":36}},"220":{"start":{"line":404,"column":21},"end":{"line":404,"column":38}},"221":{"start":{"line":405,"column":4},"end":{"line":438,"column":74}},"222":{"start":{"line":407,"column":12},"end":{"line":407,"column":74}},"223":{"start":{"line":407,"column":25},"end":{"line":407,"column":74}},"224":{"start":{"line":408,"column":12},"end":{"line":436,"column":15}},"225":{"start":{"line":409,"column":16},"end":{"line":409,"column":80}},"226":{"start":{"line":409,"column":31},"end":{"line":409,"column":80}},"227":{"start":{"line":410,"column":16},"end":{"line":412,"column":17}},"228":{"start":{"line":411,"column":20},"end":{"line":411,"column":61}},"229":{"start":{"line":413,"column":16},"end":{"line":435,"column":19}},"230":{"start":{"line":414,"column":20},"end":{"line":428,"column":21}},"231":{"start":{"line":415,"column":24},"end":{"line":417,"column":25}},"232":{"start":{"line":416,"column":28},"end":{"line":416,"column":95}},"233":{"start":{"line":418,"column":24},"end":{"line":420,"column":25}},"234":{"start":{"line":419,"column":28},"end":{"line":419,"column":93}},"235":{"start":{"line":421,"column":24},"end":{"line":427,"column":27}},"236":{"start":{"line":429,"column":20},"end":{"line":434,"column":23}},"237":{"start":{"line":438,"column":21},"end":{"line":438,"column":72}},"238":{"start":{"line":447,"column":0},"end":{"line":521,"column":2}},"239":{"start":{"line":448,"column":26},"end":{"line":448,"column":36}},"240":{"start":{"line":449,"column":21},"end":{"line":449,"column":38}},"241":{"start":{"line":450,"column":19},"end":{"line":450,"column":50}},"242":{"start":{"line":451,"column":4},"end":{"line":451,"column":66}},"243":{"start":{"line":451,"column":17},"end":{"line":451,"column":66}},"244":{"start":{"line":452,"column":21},"end":{"line":452,"column":63}},"245":{"start":{"line":453,"column":4},"end":{"line":453,"column":68}},"246":{"start":{"line":453,"column":19},"end":{"line":453,"column":68}},"247":{"start":{"line":454,"column":4},"end":{"line":456,"column":5}},"248":{"start":{"line":455,"column":8},"end":{"line":455,"column":49}},"249":{"start":{"line":458,"column":4},"end":{"line":518,"column":5}},"250":{"start":{"line":459,"column":8},"end":{"line":509,"column":10}},"251":{"start":{"line":462,"column":37},"end":{"line":465,"column":18}},"252":{"start":{"line":466,"column":16},"end":{"line":470,"column":17}},"253":{"start":{"line":467,"column":34},"end":{"line":467,"column":64}},"254":{"start":{"line":468,"column":20},"end":{"line":468,"column":43}},"255":{"start":{"line":469,"column":20},"end":{"line":469,"column":32}},"256":{"start":{"line":472,"column":32},"end":{"line":476,"column":18}},"257":{"start":{"line":477,"column":16},"end":{"line":481,"column":17}},"258":{"start":{"line":478,"column":34},"end":{"line":478,"column":97}},"259":{"start":{"line":479,"column":20},"end":{"line":479,"column":43}},"260":{"start":{"line":480,"column":20},"end":{"line":480,"column":32}},"261":{"start":{"line":482,"column":16},"end":{"line":486,"column":17}},"262":{"start":{"line":483,"column":34},"end":{"line":483,"column":75}},"263":{"start":{"line":484,"column":20},"end":{"line":484,"column":43}},"264":{"start":{"line":485,"column":20},"end":{"line":485,"column":32}},"265":{"start":{"line":488,"column":16},"end":{"line":507,"column":17}},"266":{"start":{"line":489,"column":20},"end":{"line":496,"column":40}},"267":{"start":{"line":497,"column":23},"end":{"line":507,"column":17}},"268":{"start":{"line":498,"column":20},"end":{"line":498,"column":53}},"269":{"start":{"line":499,"column":20},"end":{"line":499,"column":62}},"270":{"start":{"line":500,"column":20},"end":{"line":500,"column":77}},"271":{"start":{"line":501,"column":20},"end":{"line":501,"column":54}},"272":{"start":{"line":502,"column":20},"end":{"line":502,"column":56}},"273":{"start":{"line":504,"column":34},"end":{"line":504,"column":97}},"274":{"start":{"line":505,"column":20},"end":{"line":505,"column":43}},"275":{"start":{"line":506,"column":20},"end":{"line":506,"column":32}},"276":{"start":{"line":511,"column":8},"end":{"line":513,"column":9}},"277":{"start":{"line":512,"column":12},"end":{"line":512,"column":68}},"278":{"start":{"line":514,"column":8},"end":{"line":516,"column":9}},"279":{"start":{"line":515,"column":12},"end":{"line":515,"column":94}},"280":{"start":{"line":517,"column":8},"end":{"line":517,"column":65}},"281":{"start":{"line":520,"column":4},"end":{"line":520,"column":33}},"282":{"start":{"line":523,"column":0},"end":{"line":568,"column":2}},"283":{"start":{"line":524,"column":21},"end":{"line":540,"column":6}},"284":{"start":{"line":542,"column":4},"end":{"line":567,"column":7}},"285":{"start":{"line":545,"column":27},"end":{"line":545,"column":41}},"286":{"start":{"line":546,"column":27},"end":{"line":546,"column":115}},"287":{"start":{"line":547,"column":30},"end":{"line":547,"column":62}},"288":{"start":{"line":548,"column":12},"end":{"line":565,"column":14}},"289":{"start":{"line":570,"column":0},"end":{"line":590,"column":2}},"290":{"start":{"line":571,"column":22},"end":{"line":571,"column":50}},"291":{"start":{"line":572,"column":4},"end":{"line":574,"column":5}},"292":{"start":{"line":573,"column":8},"end":{"line":573,"column":58}},"293":{"start":{"line":576,"column":20},"end":{"line":576,"column":53}},"294":{"start":{"line":577,"column":4},"end":{"line":577,"column":67}},"295":{"start":{"line":577,"column":18},"end":{"line":577,"column":67}},"296":{"start":{"line":578,"column":4},"end":{"line":580,"column":5}},"297":{"start":{"line":579,"column":8},"end":{"line":579,"column":73}},"298":{"start":{"line":582,"column":19},"end":{"line":582,"column":58}},"299":{"start":{"line":583,"column":4},"end":{"line":583,"column":66}},"300":{"start":{"line":583,"column":17},"end":{"line":583,"column":66}},"301":{"start":{"line":585,"column":4},"end":{"line":585,"column":39}},"302":{"start":{"line":586,"column":4},"end":{"line":586,"column":25}},"303":{"start":{"line":587,"column":4},"end":{"line":587,"column":38}},"304":{"start":{"line":588,"column":4},"end":{"line":588,"column":24}},"305":{"start":{"line":589,"column":4},"end":{"line":589,"column":48}},"306":{"start":{"line":592,"column":0},"end":{"line":613,"column":2}},"307":{"start":{"line":593,"column":22},"end":{"line":593,"column":50}},"308":{"start":{"line":594,"column":4},"end":{"line":596,"column":5}},"309":{"start":{"line":595,"column":8},"end":{"line":595,"column":58}},"310":{"start":{"line":598,"column":20},"end":{"line":598,"column":53}},"311":{"start":{"line":599,"column":4},"end":{"line":599,"column":67}},"312":{"start":{"line":599,"column":18},"end":{"line":599,"column":67}},"313":{"start":{"line":600,"column":4},"end":{"line":602,"column":5}},"314":{"start":{"line":601,"column":8},"end":{"line":601,"column":71}},"315":{"start":{"line":604,"column":4},"end":{"line":604,"column":39}},"316":{"start":{"line":605,"column":4},"end":{"line":605,"column":25}},"317":{"start":{"line":607,"column":19},"end":{"line":607,"column":58}},"318":{"start":{"line":608,"column":4},"end":{"line":611,"column":5}},"319":{"start":{"line":609,"column":8},"end":{"line":609,"column":39}},"320":{"start":{"line":610,"column":8},"end":{"line":610,"column":28}},"321":{"start":{"line":612,"column":4},"end":{"line":612,"column":48}},"322":{"start":{"line":615,"column":0},"end":{"line":637,"column":2}},"323":{"start":{"line":616,"column":25},"end":{"line":616,"column":35}},"324":{"start":{"line":617,"column":4},"end":{"line":636,"column":5}},"325":{"start":{"line":618,"column":25},"end":{"line":625,"column":10}},"326":{"start":{"line":627,"column":34},"end":{"line":630,"column":11}},"327":{"start":{"line":627,"column":53},"end":{"line":630,"column":9}},"328":{"start":{"line":632,"column":8},"end":{"line":632,"column":36}},"329":{"start":{"line":634,"column":8},"end":{"line":634,"column":61}},"330":{"start":{"line":635,"column":8},"end":{"line":635,"column":72}}},"fnMap":{"0":{"name":"getDateOrNull","decl":{"start":{"line":6,"column":9},"end":{"line":6,"column":22}},"loc":{"start":{"line":6,"column":35},"end":{"line":11,"column":1}},"line":6},"1":{"name":"getCameraById","decl":{"start":{"line":13,"column":15},"end":{"line":13,"column":28}},"loc":{"start":{"line":13,"column":39},"end":{"line":16,"column":1}},"line":13},"2":{"name":"(anonymous_2)","decl":{"start":{"line":15,"column":27},"end":{"line":15,"column":28}},"loc":{"start":{"line":15,"column":37},"end":{"line":15,"column":57}},"line":15},"3":{"name":"getCustomerForSession","decl":{"start":{"line":18,"column":15},"end":{"line":18,"column":36}},"loc":{"start":{"line":18,"column":42},"end":{"line":22,"column":1}},"line":18},"4":{"name":"deriveBookingStatusFromRental","decl":{"start":{"line":24,"column":9},"end":{"line":24,"column":38}},"loc":{"start":{"line":24,"column":53},"end":{"line":29,"column":1}},"line":24},"5":{"name":"isFilmLikeCamera","decl":{"start":{"line":31,"column":9},"end":{"line":31,"column":25}},"loc":{"start":{"line":31,"column":39},"end":{"line":37,"column":1}},"line":31},"6":{"name":"cameraMatchesType","decl":{"start":{"line":39,"column":9},"end":{"line":39,"column":26}},"loc":{"start":{"line":39,"column":41},"end":{"line":50,"column":1}},"line":39},"7":{"name":"(anonymous_7)","decl":{"start":{"line":58,"column":24},"end":{"line":58,"column":25}},"loc":{"start":{"line":58,"column":44},"end":{"line":130,"column":1}},"line":58},"8":{"name":"(anonymous_8)","decl":{"start":{"line":66,"column":43},"end":{"line":66,"column":44}},"loc":{"start":{"line":66,"column":51},"end":{"line":66,"column":97}},"line":66},"9":{"name":"(anonymous_9)","decl":{"start":{"line":72,"column":46},"end":{"line":72,"column":47}},"loc":{"start":{"line":72,"column":51},"end":{"line":72,"column":58}},"line":72},"10":{"name":"(anonymous_10)","decl":{"start":{"line":76,"column":23},"end":{"line":76,"column":24}},"loc":{"start":{"line":76,"column":30},"end":{"line":96,"column":5}},"line":76},"11":{"name":"(anonymous_11)","decl":{"start":{"line":101,"column":49},"end":{"line":101,"column":50}},"loc":{"start":{"line":101,"column":61},"end":{"line":101,"column":100}},"line":101},"12":{"name":"(anonymous_12)","decl":{"start":{"line":105,"column":49},"end":{"line":105,"column":50}},"loc":{"start":{"line":106,"column":12},"end":{"line":108,"column":81}},"line":106},"13":{"name":"(anonymous_13)","decl":{"start":{"line":114,"column":49},"end":{"line":114,"column":50}},"loc":{"start":{"line":114,"column":54},"end":{"line":114,"column":79}},"line":114},"14":{"name":"(anonymous_14)","decl":{"start":{"line":117,"column":49},"end":{"line":117,"column":50}},"loc":{"start":{"line":117,"column":54},"end":{"line":117,"column":79}},"line":117},"15":{"name":"(anonymous_15)","decl":{"start":{"line":132,"column":20},"end":{"line":132,"column":21}},"loc":{"start":{"line":132,"column":40},"end":{"line":163,"column":1}},"line":132},"16":{"name":"(anonymous_16)","decl":{"start":{"line":170,"column":27},"end":{"line":170,"column":28}},"loc":{"start":{"line":170,"column":47},"end":{"line":195,"column":1}},"line":170},"17":{"name":"(anonymous_17)","decl":{"start":{"line":180,"column":33},"end":{"line":180,"column":34}},"loc":{"start":{"line":180,"column":39},"end":{"line":189,"column":13}},"line":180},"18":{"name":"(anonymous_18)","decl":{"start":{"line":202,"column":29},"end":{"line":202,"column":30}},"loc":{"start":{"line":202,"column":49},"end":{"line":219,"column":1}},"line":202},"19":{"name":"(anonymous_19)","decl":{"start":{"line":221,"column":23},"end":{"line":221,"column":24}},"loc":{"start":{"line":221,"column":43},"end":{"line":234,"column":1}},"line":221},"20":{"name":"(anonymous_20)","decl":{"start":{"line":242,"column":21},"end":{"line":242,"column":22}},"loc":{"start":{"line":242,"column":41},"end":{"line":314,"column":1}},"line":242},"21":{"name":"(anonymous_21)","decl":{"start":{"line":261,"column":12},"end":{"line":261,"column":13}},"loc":{"start":{"line":261,"column":35},"end":{"line":304,"column":13}},"line":261},"22":{"name":"(anonymous_22)","decl":{"start":{"line":316,"column":29},"end":{"line":316,"column":30}},"loc":{"start":{"line":316,"column":43},"end":{"line":338,"column":1}},"line":316},"23":{"name":"(anonymous_23)","decl":{"start":{"line":325,"column":14},"end":{"line":325,"column":15}},"loc":{"start":{"line":325,"column":24},"end":{"line":325,"column":55}},"line":325},"24":{"name":"(anonymous_24)","decl":{"start":{"line":325,"column":33},"end":{"line":325,"column":34}},"loc":{"start":{"line":325,"column":42},"end":{"line":325,"column":54}},"line":325},"25":{"name":"(anonymous_25)","decl":{"start":{"line":326,"column":14},"end":{"line":326,"column":15}},"loc":{"start":{"line":326,"column":24},"end":{"line":336,"column":10}},"line":326},"26":{"name":"(anonymous_26)","decl":{"start":{"line":327,"column":31},"end":{"line":327,"column":32}},"loc":{"start":{"line":327,"column":41},"end":{"line":334,"column":13}},"line":327},"27":{"name":"(anonymous_27)","decl":{"start":{"line":337,"column":15},"end":{"line":337,"column":16}},"loc":{"start":{"line":337,"column":21},"end":{"line":337,"column":69}},"line":337},"28":{"name":"(anonymous_28)","decl":{"start":{"line":340,"column":29},"end":{"line":340,"column":30}},"loc":{"start":{"line":340,"column":49},"end":{"line":378,"column":1}},"line":340},"29":{"name":"(anonymous_29)","decl":{"start":{"line":380,"column":25},"end":{"line":380,"column":26}},"loc":{"start":{"line":380,"column":45},"end":{"line":400,"column":1}},"line":380},"30":{"name":"(anonymous_30)","decl":{"start":{"line":402,"column":26},"end":{"line":402,"column":27}},"loc":{"start":{"line":402,"column":40},"end":{"line":439,"column":1}},"line":402},"31":{"name":"(anonymous_31)","decl":{"start":{"line":406,"column":14},"end":{"line":406,"column":15}},"loc":{"start":{"line":406,"column":26},"end":{"line":437,"column":9}},"line":406},"32":{"name":"(anonymous_32)","decl":{"start":{"line":408,"column":61},"end":{"line":408,"column":62}},"loc":{"start":{"line":408,"column":75},"end":{"line":436,"column":13}},"line":408},"33":{"name":"(anonymous_33)","decl":{"start":{"line":413,"column":86},"end":{"line":413,"column":87}},"loc":{"start":{"line":413,"column":99},"end":{"line":435,"column":17}},"line":413},"34":{"name":"(anonymous_34)","decl":{"start":{"line":438,"column":15},"end":{"line":438,"column":16}},"loc":{"start":{"line":438,"column":21},"end":{"line":438,"column":72}},"line":438},"35":{"name":"(anonymous_35)","decl":{"start":{"line":447,"column":25},"end":{"line":447,"column":26}},"loc":{"start":{"line":447,"column":45},"end":{"line":521,"column":1}},"line":447},"36":{"name":"(anonymous_36)","decl":{"start":{"line":461,"column":12},"end":{"line":461,"column":13}},"loc":{"start":{"line":461,"column":35},"end":{"line":508,"column":13}},"line":461},"37":{"name":"(anonymous_37)","decl":{"start":{"line":523,"column":32},"end":{"line":523,"column":33}},"loc":{"start":{"line":523,"column":52},"end":{"line":568,"column":1}},"line":523},"38":{"name":"(anonymous_38)","decl":{"start":{"line":544,"column":28},"end":{"line":544,"column":29}},"loc":{"start":{"line":544,"column":41},"end":{"line":566,"column":9}},"line":544},"39":{"name":"(anonymous_39)","decl":{"start":{"line":570,"column":29},"end":{"line":570,"column":30}},"loc":{"start":{"line":570,"column":49},"end":{"line":590,"column":1}},"line":570},"40":{"name":"(anonymous_40)","decl":{"start":{"line":592,"column":28},"end":{"line":592,"column":29}},"loc":{"start":{"line":592,"column":48},"end":{"line":613,"column":1}},"line":592},"41":{"name":"(anonymous_41)","decl":{"start":{"line":615,"column":25},"end":{"line":615,"column":26}},"loc":{"start":{"line":615,"column":45},"end":{"line":637,"column":1}},"line":615},"42":{"name":"(anonymous_42)","decl":{"start":{"line":627,"column":47},"end":{"line":627,"column":48}},"loc":{"start":{"line":627,"column":53},"end":{"line":630,"column":9}},"line":627}},"branchMap":{"0":{"loc":{"start":{"line":8,"column":4},"end":{"line":8,"column":52}},"type":"if","locations":[{"start":{"line":8,"column":4},"end":{"line":8,"column":52}},{"start":{},"end":{}}],"line":8},"1":{"loc":{"start":{"line":15,"column":11},"end":{"line":15,"column":66}},"type":"binary-expr","locations":[{"start":{"line":15,"column":11},"end":{"line":15,"column":58}},{"start":{"line":15,"column":62},"end":{"line":15,"column":66}}],"line":15},"2":{"loc":{"start":{"line":19,"column":21},"end":{"line":19,"column":66}},"type":"binary-expr","locations":[{"start":{"line":19,"column":21},"end":{"line":19,"column":37}},{"start":{"line":19,"column":41},"end":{"line":19,"column":66}}],"line":19},"3":{"loc":{"start":{"line":20,"column":4},"end":{"line":20,"column":31}},"type":"if","locations":[{"start":{"line":20,"column":4},"end":{"line":20,"column":31}},{"start":{},"end":{}}],"line":20},"4":{"loc":{"start":{"line":25,"column":4},"end":{"line":25,"column":57}},"type":"if","locations":[{"start":{"line":25,"column":4},"end":{"line":25,"column":57}},{"start":{},"end":{}}],"line":25},"5":{"loc":{"start":{"line":26,"column":4},"end":{"line":26,"column":57}},"type":"if","locations":[{"start":{"line":26,"column":4},"end":{"line":26,"column":57}},{"start":{},"end":{}}],"line":26},"6":{"loc":{"start":{"line":27,"column":4},"end":{"line":27,"column":54}},"type":"if","locations":[{"start":{"line":27,"column":4},"end":{"line":27,"column":54}},{"start":{},"end":{}}],"line":27},"7":{"loc":{"start":{"line":32,"column":4},"end":{"line":32,"column":43}},"type":"if","locations":[{"start":{"line":32,"column":4},"end":{"line":32,"column":43}},{"start":{},"end":{}}],"line":32},"8":{"loc":{"start":{"line":33,"column":4},"end":{"line":33,"column":45}},"type":"if","locations":[{"start":{"line":33,"column":4},"end":
[...]
4}},"15":{"start":{"line":20,"column":2},"end":{"line":25,"column":28}},"16":{"start":{"line":28,"column":16},"end":{"line":40,"column":2}},"17":{"start":{"line":30,"column":21},"end":{"line":30,"column":97}},"18":{"start":{"line":31,"column":4},"end":{"line":31,"column":47}},"19":{"start":{"line":34,"column":16},"end":{"line":34,"column":77}},"20":{"start":{"line":35,"column":17},"end":{"line":35,"column":83}},"21":{"start":{"line":36,"column":18},"end":{"line":36,"column":64}},"22":{"start":{"line":37,"column":17},"end":{"line":37,"column":54}},"23":{"start":{"line":38,"column":4},"end":{"line":38,"column":47}},"24":{"start":{"line":43,"column":2},"end":{"line":43,"column":60}},"25":{"start":{"line":43,"column":31},"end":{"line":43,"column":60}},"26":{"start":{"line":45,"column":15},"end":{"line":45,"column":17}},"27":{"start":{"line":46,"column":16},"end":{"line":46,"column":71}},"28":{"start":{"line":46,"column":52},"end":{"line":46,"column":70}},"29":{"start":{"line":48,"column":2},"end":{"line":58,"column":5}},"30":{"start":{"line":49,"column":19},"end":{"line":49,"column":45}},"31":{"start":{"line":50,"column":21},"end":{"line":50,"column":45}},"32":{"start":{"line":51,"column":18},"end":{"line":51,"column":39}},"33":{"start":{"line":53,"column":4},"end":{"line":53,"column":62}},"34":{"start":{"line":55,"column":4},"end":{"line":57,"column":5}},"35":{"start":{"line":56,"column":6},"end":{"line":56,"column":88}},"36":{"start":{"line":60,"column":2},"end":{"line":60,"column":55}},"37":{"start":{"line":60,"column":38},"end":{"line":60,"column":55}},"38":{"start":{"line":61,"column":2},"end":{"line":61,"column":16}},"39":{"start":{"line":65,"column":20},"end":{"line":77,"column":2}},"40":{"start":{"line":69,"column":29},"end":{"line":69,"column":83}},"41":{"start":{"line":70,"column":16},"end":{"line":70,"column":67}},"42":{"start":{"line":71,"column":30},"end":{"line":71,"column":72}},"43":{"start":{"line":72,"column":4},"end":{"line":74,"column":5}},"44":{"start":{"line":73,"column":6},"end":{"line":73,"column":59}},"45":{"start":{"line":75,"column":4},"end":{"line":75,"column":26}},"46":{"start":{"line":79,"column":0},"end":{"line":85,"column":2}}},"fnMap":{"0":{"name":"ensureUploadDirectories","decl":{"start":{"line":10,"column":9},"end":{"line":10,"column":32}},"loc":{"start":{"line":10,"column":35},"end":{"line":17,"column":1}},"line":10},"1":{"name":"(anonymous_1)","decl":{"start":{"line":13,"column":28},"end":{"line":13,"column":29}},"loc":{"start":{"line":13,"column":42},"end":{"line":16,"column":3}},"line":13},"2":{"name":"normalizeBaseName","decl":{"start":{"line":19,"column":9},"end":{"line":19,"column":26}},"loc":{"start":{"line":19,"column":33},"end":{"line":26,"column":1}},"line":19},"3":{"name":"(anonymous_3)","decl":{"start":{"line":29,"column":2},"end":{"line":29,"column":3}},"loc":{"start":{"line":29,"column":29},"end":{"line":32,"column":3}},"line":29},"4":{"name":"(anonymous_4)","decl":{"start":{"line":33,"column":2},"end":{"line":33,"column":3}},"loc":{"start":{"line":33,"column":26},"end":{"line":39,"column":3}},"line":33},"5":{"name":"getDirectoryStructure","decl":{"start":{"line":42,"column":9},"end":{"line":42,"column":30}},"loc":{"start":{"line":42,"column":67},"end":{"line":62,"column":1}},"line":42},"6":{"name":"(anonymous_6)","decl":{"start":{"line":46,"column":47},"end":{"line":46,"column":48}},"loc":{"start":{"line":46,"column":52},"end":{"line":46,"column":70}},"line":46},"7":{"name":"(anonymous_7)","decl":{"start":{"line":48,"column":16},"end":{"line":48,"column":17}},"loc":{"start":{"line":48,"column":33},"end":{"line":58,"column":3}},"line":48},"8":{"name":"(anonymous_8)","decl":{"start":{"line":68,"column":2},"end":{"line":68,"column":3}},"loc":{"start":{"line":68,"column":28},"end":{"line":76,"column":3}},"line":68}},"branchMap":{"0":{"loc":{"start":{"line":11,"column":2},"end":{"line":11,"column":80}},"type":"if","locations":[{"start":{"line":11,"column":2},"end":{"line":11,"column":80}},{"start":{},"end":{}}],"line":11},"1":{"loc":{"start":{"line":12,"column":2},"end":{"line":12,"column":82}},"type":"if","locations":[{"start":{"line":12,"column":2},"end":{"line":12,"column":82}},{"start":{},"end":{}}],"line":12},"2":{"loc":{"start":{"line":15,"column":4},"end":{"line":15,"column":74}},"type":"if","locations":[{"start":{"line":15,"column":4},"end":{"line":15,"column":74}},{"start":{},"end":{}}],"line":15},"3":{"loc":{"start":{"line":20,"column":9},"end":{"line":25,"column":27}},"type":"binary-expr","locations":[{"start":{"line":20,"column":9},"end":{"line":25,"column":17}},{"start":{"line":25,"column":21},"end":{"line":25,"column":27}}],"line":20},"4":{"loc":{"start":{"line":20,"column":16},"end":{"line":20,"column":30}},"type":"binary-expr","locations":[{"start":{"line":20,"column":16},"end":{"line":20,"column":20}},{"start":{"line":20,"column":24},"end":{"line":20,"column":30}}],"line":20},"5":{"loc":{"start":{"line":30,"column":21},"end":{"line":30,"column":97}},"type":"cond-expr","locations":[{"start":{"line":30,"column":69},"end":{"line":30,"column":86}},{"start":{"line":30,"column":89},"end":{"line":30,"column":97}}],"line":30},"6":{"loc":{"start":{"line":34,"column":16},"end":{"line":34,"column":77}},"type":"binary-expr","locations":[{"start":{"line":34,"column":16},"end":{"line":34,"column":67}},{"start":{"line":34,"column":71},"end":{"line":34,"column":77}}],"line":34},"7":{"loc":{"start":{"line":34,"column":29},"end":{"line":34,"column":52}},"type":"binary-expr","locations":[{"start":{"line":34,"column":29},"end":{"line":34,"column":46}},{"start":{"line":34,"column":50},"end":{"line":34,"column":52}}],"line":34},"8":{"loc":{"start":{"line":35,"column":49},"end":{"line":35,"column":76}},"type":"binary-expr","locations":[{"start":{"line":35,"column":49},"end":{"line":35,"column":66}},{"start":{"line":35,"column":70},"end":{"line":35,"column":76}}],"line":35},"9":{"loc":{"start":{"line":42,"column":31},"end":{"line":42,"column":52}},"type":"default-arg","locations":[{"start":{"line":42,"column":41},"end":{"line":42,"column":52}}],"line":42},"10":{"loc":{"start":{"line":42,"column":54},"end":{"line":42,"column":65}},"type":"default-arg","locations":[{"start":{"line":42,"column":63},"end":{"line":42,"column":65}}],"line":42},"11":{"loc":{"start":{"line":43,"column":2},"end":{"line":43,"column":60}},"type":"if","locations":[{"start":{"line":43,"column":2},"end":{"line":43,"column":60}},{"start":{},"end":{}}],"line":43},"12":{"loc":{"start":{"line":53,"column":26},"end":{"line":53,"column":50}},"type":"cond-expr","locations":[{"start":{"line":53,"column":35},"end":{"line":53,"column":41}},{"start":{"line":53,"column":44},"end":{"line":53,"column":50}}],"line":53},"13":{"loc":{"start":{"line":55,"column":4},"end":{"line":57,"column":5}},"type":"if","locations":[{"start":{"line":55,"column":4},"end":{"line":57,"column":5}},{"start":{},"end":{}}],"line":55},"14":{"loc":{"start":{"line":56,"column":60},"end":{"line":56,"column":84}},"type":"cond-expr","locations":[{"start":{"line":56,"column":69},"end":{"line":56,"column":75}},{"start":{"line":56,"column":78},"end":{"line":56,"column":84}}],"line":56},"15":{"loc":{"start":{"line":60,"column":2},"end":{"line":60,"column":55}},"type":"if","locations":[{"start":{"line":60,"column":2},"end":{"line":60,"column":55}},{"start":{},"end":{}}],"line":60},"16":{"loc":{"start":{"line":60,"column":6},"end":{"line":60,"column":36}},"type":"binary-expr","locations":[{"start":{"line":60,"column":6},"end":{"line":60,"column":19}},{"start":{"line":60,"column":23},"end":{"line":60,"column":36}}],"line":60},"17":{"loc":{"start":{"line":70,"column":29},"end":{"line":70,"column":52}},"type":"binary-expr","locations":[{"start":{"line":70,"column":29},"end":{"line":70,"column":46}},{"start":{"line":70,"column":50},"end":{"line":70,"column":52}}],"line":70},"18":{"loc":{"start":{"line":72,"column":4},"end":{"line":74,"column":5}},"type":"if","locations":[{"start":{"line":72,"column":4},"end":{"line":74,"column":5}},{"start":{},"end":{}}],"line":72},"19":{"loc":{"start":{"line":72,"column":8},"end":{"line":72,"column":85}},"type":"binary-expr","locations":[{"start":{"line":72,"column":8},"end":{"line":72,"column":49}},{"start":{"line":72,"column":53},"end":{"line":72,"column":85}}],"line":72}},"s":{"0":1,"1":1,"2":1,"3":1,"4":1,"5":1,"6":1,"7":1,"8":0,"9":1,"10":0,"11":1,"12":5,"13":5,"14":0,"15":2,"16":1,"17":2,"18":2,"19":2,"20":2,"21":2,"22":2,"23":2,"24":9,"25":1,"26":8,"27":8,"28":13,"29":8,"30":8,"31":8,"32":8,"33":8,"34":8,"35":6,"36":8,"37":1,"38":7,"39":1,"40":3,"41":3,"42":3,"43":3,"44":2,"45":1,"46":1},"f":{"0":1,"1":5,"2":2,"3":2,"4":2,"5":9,"6":13,"7":8,"8":3},"b":{"0":[0,1],"1":[0,1],"2":[0,5],"3":[2,0],"4":[2,0],"5":[1,1],"6":[2,1],"7":[2,1],"8":[2,1],"9":[1],"10":[3],"11":[1,8],"12":[4,4],"13":[6,2],"14":[2,4],"15":[1,7],"16":[8,2],"17":[3,1],"18":[2,1],"19":[3,2]},"_coverageSchema":"1a1c01bbd47fc00a2c39e90264f33305004495a9","hash":"43db1a21c6f08c0138a4ca2b8907bdc86058b6ca"}
,"D:\\cp252project\\cp252project\\models\\booking.js": {"path":"D:\\cp252project\\cp252project\\models\\booking.js","statementMap":{"0":{"start":{"line":1,"column":0},"end":{"line":1,"column":37}}},"fnMap":{},"branchMap":{},"s":{"0":1},"f":{},"b":{},"_coverageSchema":"1a1c01bbd47fc00a2c39e90264f33305004495a9","hash":"775d89506a5dc5b576377ae7465e14c487e842de"}
,"D:\\cp252project\\cp252project\\models\\camera.js": {"path":"D:\\cp252project\\cp252project\\models\\camera.js","statementMap":{"0":{"start":{"line":1,"column":0},"end":{"line":1,"column":40}}},"fnMap":{},"branchMap":{},"s":{"0":1},"f":{},"b":{},"_coverageSchema":"1a1c01bbd47fc00a2c39e90264f33305004495a9","hash":"d943fe6b478885004f970f20b7767fde00b2c116"}
,"D:\\cp252project\\cp252project\\models\\category.js": {"path":"D:\\cp252project\\cp252project\\models\\category.js","statementMap":{"0":{"start":{"line":1,"column":22},"end":{"line":1,"column":42}},"1":{"start":{"line":2,"column":18},"end":{"line":2,"column":41}},"2":{"start":{"line":4,"column":17},"end":{"line":17,"column":2}},"3":{"start":{"line":19,"column":0},"end":{"line":19,"column":26}}},"fnMap":{},"branchMap":{},"s":{"0":2,"1":2,"2":2,"3":2},"f":{},"b":{},"_coverageSchema":"1a1c01bbd47fc00a2c39e90264f33305004495a9","hash":"ab95ca6f1bcbcf1d8ee4b202037a71117501e73d"}
,"D:\\cp252project\\cp252project\\models\\customer.js": {"path":"D:\\cp252project\\cp252project\\models\\customer.js","statementMap":{"0":{"start":{"line":1,"column":22},"end":{"line":1,"column":42}},"1":{"start":{"line":2,"column":18},"end":{"line":2,"column":41}},"2":{"start":{"line":4,"column":17},"end":{"line":52,"column":2}},"3":{"start":{"line":54,"column":0},"end":{"line":54,"column":26}}},"fnMap":{},"branchMap":{},"s":{"0":2,"1":2,"2":2,"3":2},"f":{},"b":{},"_coverageSchema":"1a1c01bbd47fc00a2c39e90264f33305004495a9","hash":"6ea42e6f4590d7506f99130b7bfcca7de5ec1c51"}
,"D:\\cp252project\\cp252project\\models\\equipment.js": {"path":"D:\\cp252project\\cp252project\\models\\equipment.js","statementMap":{"0":{"start":{"line":1,"column":22},"end":{"line":1,"column":42}},"1":{"start":{"line":2,"column":18},"end":{"line":2,"column":41}},"2":{"start":{"line":4,"column":18},"end":{"line":43,"column":2}},"3":{"start":{"line":45,"column":0},"end":{"line":45,"column":27}}},"fnMap":{},"branchMap":{},"s":{"0":2,"1":2,"2":2,"3":2},"f":{},"b":{},"_coverageSchema":"1a1c01bbd47fc00a2c39e90264f33305004495a9","hash":"1211c4089664840c5007a8c52c0604923bb0e388"}
,"D:\\cp252project\\cp252project\\models\\index.js": {"path":"D:\\cp252project\\cp252project\\models\\index.js","statementMap":{"0":{"start":{"line":1,"column":17},"end":{"line":1,"column":38}},"1":{"start":{"line":2,"column":18},"end":{"line":2,"column":40}},"2":{"start":{"line":3,"column":17},"end":{"line":3,"column":38}},"3":{"start":{"line":4,"column":15},"end":{"line":4,"column":34}},"4":{"start":{"line":5,"column":21},"end":{"line":5,"column":46}},"5":{"start":{"line":6,"column":16},"end":{"line":6,"column":36}},"6":{"start":{"line":7,"column":15},"end":{"line":7,"column":34}},"7":{"start":{"line":8,"column":16},"end":{"line":8,"column":36}},"8":{"start":{"line":11,"column":0},"end":{"line":14,"column":3}},"9":{"start":{"line":15,"column":0},"end":{"line":18,"column":3}},"10":{"start":{"line":21,"column":0},"end":{"line":24,"column":3}},"11":{"start":{"line":25,"column":0},"end":{"line":28,"column":3}},"12":{"start":{"line":31,"column":0},"end":{"line":34,"column":3}},"13":{"start":{"line":35,"column":0},"end":{"line":38,"column":3}},"14":{"start":{"line":41,"column":0},"end":{"line":44,"column":3}},"15":{"start":{"line":45,"column":0},"end":{"line":48,"column":3}},"16":{"start":{"line":51,"column":0},"end":{"line":54,"column":3}},"17":{"start":{"line":55,"column":0},"end":{"line":58,"column":3}},"18":{"start":{"line":61,"column":0},"end":{"line":64,"column":3}},"19":{"start":{"line":65,"column":0},"end":{"line":68,"column":3}},"20":{"start":{"line":70,"column":0},"end":{"line":83,"column":2}}},"fnMap":{},"branchMap":{},"s":{"0":2,"1":2,"2":2,"3":2,"4":2,"5":2,"6":2,"7":2,"8":2,"9":2,"10":2,"11":2,"12":2,"13":2,"14":2,"15":2,"16":2,"17":2,"18":2,"19":2,"20":2},"f":{},"b":{},"_coverageSchema":"1a1c01bbd47fc00a2c39e90264f33305004495a9","hash":"576918d4c93f92a334a0f399bf2328459d74815b"}
,"D:\\cp252project\\cp252project\\models\\payment.js": {"path":"D:\\cp252project\\cp252project\\models\\payment.js","statementMap":{"0":{"start":{"line":1,"column":22},"end":{"line":1,"column":42}},"1":{"start":{"line":2,"column":18},"end":{"line":2,"column":41}},"2":{"start":{"line":4,"column":16},"end":{"line":45,"column":2}},"3":{"start":{"line":47,"column":0},"end":{"line":47,"column":25}}},"fnMap":{},"branchMap":{},"s":{"0":2,"1":2,"2":2,"3":2},"f":{},"b":{},"_coverageSchema":"1a1c01bbd47fc00a2c39e90264f33305004495a9","hash":"f44f9751e3327d9de52626bb85767854f4118435"}
,"D:\\cp252project\\cp252project\\models\\promotion.js": {"path":"D:\\cp252project\\cp252project\\models\\promotion.js","statementMap":{"0":{"start":{"line":1,"column":22},"end":{"line":1,"column":42}},"1":{"start":{"line":2,"column":18},"end":{"line":2,"column":41}},"2":{"start":{"line":4,"column":18},"end":{"line":8,"column":2}},"3":{"start":{"line":10,"column":0},"end":{"line":10,"column":27}}},"fnMap":{},"branchMap":{},"s":{"0":1,"1":1,"2":1,"3":1},"f":{},"b":{},"_coverageSchema":"1a1c01bbd47fc00a2c39e90264f33305004495a9","hash":"066bed35a8debb6381727b5b5b43578639ecb048"}
,"D:\\cp252project\\cp252project\\models\\rental.js": {"path":"D:\\cp252project\\cp252project\\models\\rental.js","statementMap":{"0":{"start":{"line":1,"column":22},"end":{"line":1,"column":42}},"1":{"start":{"line":2,"column":18},"end":{"line":2,"column":41}},"2":{"start":{"line":4,"column":15},"end":{"line":32,"column":2}},"3":{"start":{"line":34,"column":0},"end":{"line":34,"column":24}}},"fnMap":{},"branchMap":{},"s":{"0":2,"1":2,"2":2,"3":2},"f":{},"b":{},"_coverageSchema":"1a1c01bbd47fc00a2c39e90264f33305004495a9","hash":"e9f6a3915c687857594892c98388ceb8422b7572"}
,"D:\\cp252project\\cp252project\\models\\rentalDetail.js": {"path":"D:\\cp252project\\cp252project\\models\\rentalDetail.js","statementMap":{"0":{"start":{"line":1,"column":22},"end":{"line":1,"column":42}},"1":{"start":{"line":2,"column":18},"end":{"line":2,"column":41}},"2":{"start":{"line":4,"column":21},"end":{"line":34,"column":2}},"3":{"start":{"line":36,"column":0},"end":{"line":36,"column":30}}},"fnMap":{},"branchMap":{},"s":{"0":2,"1":2,"2":2,"3":2},"f":{},"b":{},"_coverageSchema":"1a1c01bbd47fc00a2c39e90264f33305004495a9","hash":"ec82c9389a76a57c3fdbcd2077b4432ac68e74f9"}
,"D:\\cp252project\\cp252project\\models\\return.js": {"path":"D:\\cp252project\\cp252project\\models\\return.js","statementMap":{"0":{"start":{"line":1,"column":22},"end":{"line":1,"column":42}},"1":{"start":{"line":2,"column":18},"end":{"line":2,"column":41}},"2":{"start":{"line":4,"column":15},"end":{"line":36,"column":2}},"3":{"start":{"line":38,"column":0},"end":{"line":38,"column":24}}},"fnMap":{},"branchMap":{},"s":{"0":2,"1":2,"2":2,"3":2},"f":{},"b":{},"_coverageSchema":"1a1c01bbd47fc00a2c39e90264f33305004495a9","hash":"ece24f63ab9eb3d8afee4eb763fc206457f65d85"}
,"D:\\cp252project\\cp252project\\models\\syncLog.js": {"path":"D:\\cp252project\\cp252project\\models\\syncLog.js","statementMap":{"0":{"start":{"line":1,"column":22},"end":{"line":1,"column":42}},"1":{"start":{"line":2,"column":18},"end":{"line":2,"column":41}},"2":{"start":{"line":4,"column":16},"end":{"line":51,"column":2}},"3":{"start":{"line":53,"column":0},"end":{"line":53,"column":25}}},"fnMap":{},"branchMap":{},"s":{"0":2,"1":2,"2":2,"3":2},"f":{},"b":{},"_coverageSchema":"1a1c01bbd47fc00a2c39e90264f33305004495a9","hash":"48fd132550097412e114622afb288f3cfcbe43fa"}
,"D:\\cp252project\\cp252project\\models\\user.js": {"path":"D:\\cp252project\\cp252project\\models\\user.js","statementMap":{"0":{"start":{"line":1,"column":0},"end":{"line":1,"column":39}}},"fnMap":{},"branchMap":{},"s":{"0":1},"f":{},"b":{},"_coverageSchema":"1a1c01bbd47fc00a2c39e90264f33305004495a9","hash":"89f75d31867bcfe21932c486eecc929b19846387"}
,"D:\\cp252project\\cp252project\\utils\\logic.js": {"path":"D:\\cp252project\\cp252project\\utils\\logic.js","statementMap":{"0":{"start":{"line":2,"column":23},"end":{"line":5,"column":1}},"1":{"start":{"line":3,"column":2},"end":{"line":3,"column":85}},"2":{"start":{"line":3,"column":33},"end":{"line":3,"column":85}},"3":{"start":{"line":4,"column":2},"end":{"line":4,"column":26}},"4":{"start":{"line":7,"column":32},"end":{"line":11,"column":1}},"5":{"start":{"line":8,"column":20},"end":{"line":8,"column":66}},"6":{"start":{"line":9,"column":19},"end":{"line":9,"column":45}},"7":{"start":{"line":10,"column":2},"end":{"line":10,"column":46}},"8":{"start":{"line":13,"column":29},"end":{"line":18,"column":1}},"9":{"start":{"line":14,"column":16},"end":{"line":14,"column":35}},"10":{"start":{"line":15,"column":14},"end":{"line":15,"column":31}},"11":{"start":{"line":16,"column":2},"end":{"line":16,"column":32}},"12":{"start":{"line":16,"column":19},"end":{"line":16,"column":32}},"13":{"start":{"line":17,"column":2},"end":{"line":17,"column":14}},"14":{"start":{"line":20,"column":0},"end":{"line":20,"column":83}}},"fnMap":{"0":{"name":"(anonymous_0)","decl":{"start":{"line":2,"column":23},"end":{"line":2,"column":24}},"loc":{"start":{"line":2,"column":44},"end":{"line":5,"column":1}},"line":2},"1":{"name":"(anonymous_1)","decl":{"start":{"line":7,"column":32},"end":{"line":7,"column":33}},"loc":{"start":{"line":7,"column":60},"end":{"line":11,"column":1}},"line":7},"2":{"name":"(anonymous_2)","decl":{"start":{"line":13,"column":29},"end":{"line":13,"column":30}},"loc":{"start":{"line":13,"column":53},"end":{"line":18,"column":1}},"line":13}},"branchMap":{"0":{"loc":{"start":{"line":3,"column":2},"end":{"line":3,"column":85}},"type":"if","locations":[{"start":{"line":3,"column":2},"end":{"line":3,"column":85}},{"start":{},"end":{}}],"line":3},"1":{"loc":{"start":{"line":3,"column":6},"end":{"line":3,"column":31}},"type":"binary-expr","locations":[{"start":{"line":3,"column":6},"end":{"line":3,"column":19}},{"start":{"line":3,"column":23},"end":{"line":3,"column":31}}],"line":3},"2":{"loc":{"start":{"line":9,"column":19},"end":{"line":9,"column":45}},"type":"binary-expr","locations":[{"start":{"line":9,"column":19},"end":{"line":9,"column":40}},{"start":{"line":9,"column":44},"end":{"line":9,"column":45}}],"line":9},"3":{"loc":{"start":{"line":16,"column":2},"end":{"line":16,"column":32}},"type":"if","locations":[{"start":{"line":16,"column":2},"end":{"line":16,"column":32}},{"start":{},"end":{}}],"line":16}},"s":{"0":2,"1":2,"2":1,"3":1,"4":2,"5":1,"6":1,"7":1,"8":2,"9":2,"10":2,"11":2,"12":1,"13":1,"14":2},"f":{"0":2,"1":1,"2":2},"b":{"0":[1,1],"1":[2,1],"2":[1,0],"3":[1,1]},"_coverageSchema":"1a1c01bbd47fc00a2c39e90264f33305004495a9","hash":"a99268cfa72487f2990eb486050bf08e77fa6bee"}
}
