TN:
SF:CameraRentalSystem\controller\authController.js
FN:7,isHash
FN:11,splitName
FN:19,isValidEmail
FN:26,renderAdminAccounts
FN:29,(anonymous_4)
FN:44,(anonymous_5)
FN:53,(anonymous_6)
FN:57,(anonymous_7)
FN:61,(anonymous_8)
FN:65,(anonymous_9)
FN:69,(anonymous_10)
FN:73,(anonymous_11)
FN:74,(anonymous_12)
FN:77,(anonymous_13)
FN:80,(anonymous_14)
FN:95,(anonymous_15)
FN:98,(anonymous_16)
FN:109,(anonymous_17)
FN:110,(anonymous_18)
FN:119,(anonymous_19)
FN:155,(anonymous_20)
FN:161,(anonymous_21)
FN:162,(anonymous_22)
FN:167,(anonymous_23)
FN:169,(anonymous_24)
FN:179,(anonymous_25)
FN:183,(anonymous_26)
FN:230,(anonymous_27)
FN:275,(anonymous_28)
FN:288,(anonymous_29)
FN:332,(anonymous_30)
FN:378,(anonymous_31)
FN:379,(anonymous_32)
FN:391,(anonymous_33)
FN:399,(anonymous_34)
FN:413,(anonymous_35)
FN:421,(anonymous_36)
FNF:37
FNH:6
FNDA:2,isHash
FNDA:0,splitName
FNDA:1,isValidEmail
FNDA:0,renderAdminAccounts
FNDA:0,(anonymous_4)
FNDA:0,(anonymous_5)
FNDA:0,(anonymous_6)
FNDA:0,(anonymous_7)
FNDA:0,(anonymous_8)
FNDA:0,(anonymous_9)
FNDA:0,(anonymous_10)
FNDA:0,(anonymous_11)
FNDA:0,(anonymous_12)
FNDA:0,(anonymous_13)
FNDA:0,(anonymous_14)
FNDA:0,(anonymous_15)
FNDA:0,(anonymous_16)
FNDA:0,(anonymous_17)
FNDA:0,(anonymous_18)
FNDA:0,(anonymous_19)
FNDA:0,(anonymous_20)
FNDA:0,(anonymous_21)
FNDA:0,(anonymous_22)
FNDA:0,(anonymous_23)
FNDA:0,(anonymous_24)
FNDA:0,(anonymous_25)
FNDA:0,(anonymous_26)
FNDA:1,(anonymous_27)
FNDA:2,(anonymous_28)
FNDA:1,(anonymous_29)
FNDA:1,(anonymous_30)
FNDA:0,(anonymous_31)
FNDA:0,(anonymous_32)
FNDA:0,(anonymous_33)
FNDA:0,(anonymous_34)
FNDA:0,(anonymous_35)
FNDA:0,(anonymous_36)
DA:1,1
DA:2,1
DA:3,1
DA:4,1
DA:5,1
DA:8,2
DA:12,0
DA:13,0
DA:14,0
DA:15,0
DA:16,0
DA:20,1
DA:21,1
DA:22,1
DA:23,1
DA:27,0
DA:28,0
DA:29,0
DA:44,1
DA:46,0
DA:47,0
DA:48,0
DA:50,0
DA:53,1
DA:54,0
DA:57,1
DA:58,0
DA:61,1
DA:62,0
DA:65,1
DA:66,0
DA:69,1
DA:70,0
DA:73,1
DA:74,0
DA:77,1
DA:78,0
DA:79,0
DA:81,0
DA:82,0
DA:95,0
DA:98,1
DA:99,0
DA:100,0
DA:101,0
DA:104,0
DA:105,0
DA:109,0
DA:110,0
DA:119,1
DA:120,0
DA:121,0
DA:123,0
DA:124,0
DA:125,0
DA:126,0
DA:127,0
DA:129,0
DA:130,0
DA:133,0
DA:134,0
DA:137,0
DA:138,0
DA:148,0
DA:150,0
DA:151,0
DA:155,1
DA:156,0
DA:157,0
DA:158,0
DA:160,0
DA:161,0
DA:163,0
DA:164,0
DA:165,0
DA:167,0
DA:170,0
DA:171,0
DA:173,0
DA:179,0
DA:183,1
DA:184,0
DA:185,0
DA:186,0
DA:187,0
DA:189,0
DA:190,0
DA:192,0
DA:193,0
DA:195,0
DA:196,0
DA:198,0
DA:201,0
DA:204,0
DA:205,0
DA:208,0
DA:209,0
DA:221,0
DA:230,1
DA:231,1
DA:232,1
DA:233,1
DA:235,1
DA:236,0
DA:237,0
DA:240,1
DA:249,1
DA:250,0
DA:253,1
DA:254,0
DA:257,1
DA:261,1
DA:263,1
DA:264,0
DA:265,0
DA:267,1
DA:268,1
DA:269,1
DA:271,0
DA:275,1
DA:276,2
DA:277,2
DA:278,2
DA:280,2
DA:281,1
DA:284,1
DA:288,1
DA:289,1
DA:290,1
DA:291,1
DA:292,1
DA:293,1
DA:295,0
DA:296,0
DA:299,0
DA:300,0
DA:301,0
DA:302,0
DA:305,0
DA:306,0
DA:307,0
DA:308,0
DA:321,0
DA:322,0
DA:332,1
DA:333,1
DA:334,1
DA:335,1
DA:336,1
DA:337,1
DA:338,1
DA:339,1
DA:340,1
DA:342,1
DA:343,0
DA:345,1
DA:346,0
DA:348,1
DA:349,0
DA:352,1
DA:353,0
DA:356,1
DA:357,1
DA:358,1
DA:359,0
DA:362,1
DA:374,1
DA:375,1
DA:378,1
DA:379,0
DA:380,0
DA:381,0
DA:391,1
DA:392,0
DA:393,0
DA:395,0
DA:399,1
DA:400,0
DA:401,0
DA:403,0
DA:413,1
DA:414,0
DA:415,0
DA:417,0
DA:418,0
DA:421,1
DA:422,0
DA:423,0
DA:424,0
DA:426,0
LF:190
LH:73
BRDA:5,0,0,1
BRDA:5,0,1,1
BRDA:8,1,0,2
BRDA:8,1,1,2
BRDA:12,2,0,0
BRDA:12,2,1,0
BRDA:14,3,0,0
BRDA:14,3,1,0
BRDA:15,4,0,0
BRDA:15,4,1,0
BRDA:20,5,0,0
BRDA:20,5,1,1
BRDA:22,6,0,0
BRDA:22,6,1,1
BRDA:22,7,0,1
BRDA:22,7,1,1
BRDA:26,8,0,0
BRDA:26,9,0,0
BRDA:26,10,0,0
BRDA:26,11,0,0
BRDA:33,12,0,0
BRDA:33,12,1,0
BRDA:46,13,0,0
BRDA:46,13,1,0
BRDA:47,14,0,0
BRDA:47,14,1,0
BRDA:54,15,0,0
BRDA:54,15,1,0
BRDA:66,16,0,0
BRDA:66,16,1,0
BRDA:70,17,0,0
BRDA:70,17,1,0
BRDA:78,18,0,0
BRDA:78,18,1,0
BRDA:81,19,0,0
BRDA:81,19,1,0
BRDA:87,20,0,0
BRDA:87,20,1,0
BRDA:99,21,0,0
BRDA:99,21,1,0
BRDA:100,22,0,0
BRDA:100,22,1,0
BRDA:120,23,0,0
BRDA:120,23,1,0
BRDA:123,24,0,0
BRDA:123,24,1,0
BRDA:124,25,0,0
BRDA:124,25,1,0
BRDA:125,26,0,0
BRDA:125,26,1,0
BRDA:126,27,0,0
BRDA:126,27,1,0
BRDA:127,28,0,0
BRDA:127,28,1,0
BRDA:129,29,0,0
BRDA:129,29,1,0
BRDA:129,30,0,0
BRDA:129,30,1,0
BRDA:129,30,2,0
BRDA:129,30,3,0
BRDA:133,31,0,0
BRDA:133,31,1,0
BRDA:144,32,0,0
BRDA:144,32,1,0
BRDA:157,33,0,0
BRDA:157,33,1,0
BRDA:158,34,0,0
BRDA:158,34,1,0
BRDA:163,35,0,0
BRDA:163,35,1,0
BRDA:164,36,0,0
BRDA:164,36,1,0
BRDA:164,37,0,0
BRDA:164,37,1,0
BRDA:164,37,2,0
BRDA:170,38,0,0
BRDA:170,38,1,0
BRDA:170,39,0,0
BRDA:170,39,1,0
BRDA:185,40,0,0
BRDA:185,40,1,0
BRDA:186,41,0,0
BRDA:186,41,1,0
BRDA:187,42,0,0
BRDA:187,42,1,0
BRDA:189,43,0,0
BRDA:189,43,1,0
BRDA:189,44,0,0
BRDA:189,44,1,0
BRDA:189,44,2,0
BRDA:192,45,0,0
BRDA:192,45,1,0
BRDA:195,46,0,0
BRDA:195,46,1,0
BRDA:204,47,0,0
BRDA:204,47,1,0
BRDA:204,48,0,0
BRDA:204,48,1,0
BRDA:232,49,0,1
BRDA:232,49,1,0
BRDA:233,50,0,1
BRDA:233,50,1,0
BRDA:235,51,0,0
BRDA:235,51,1,1
BRDA:235,52,0,1
BRDA:235,52,1,0
BRDA:249,53,0,0
BRDA:249,53,1,1
BRDA:249,54,0,1
BRDA:249,54,1,1
BRDA:253,55,0,0
BRDA:253,55,1,1
BRDA:253,56,0,1
BRDA:253,56,1,1
BRDA:257,57,0,1
BRDA:257,57,1,0
BRDA:261,58,0,1
BRDA:261,58,1,0
BRDA:263,59,0,0
BRDA:263,59,1,1
BRDA:268,60,0,0
BRDA:268,60,1,1
BRDA:277,61,0,2
BRDA:277,61,1,0
BRDA:278,62,0,2
BRDA:278,62,1,0
BRDA:278,62,2,0
BRDA:280,63,0,1
BRDA:280,63,1,1
BRDA:280,64,0,2
BRDA:280,64,1,1
BRDA:290,65,0,1
BRDA:290,65,1,0
BRDA:291,66,0,1
BRDA:291,66,1,1
BRDA:291,66,2,1
BRDA:292,67,0,1
BRDA:292,67,1,0
BRDA:295,68,0,0
BRDA:295,68,1,0
BRDA:300,69,0,0
BRDA:300,69,1,0
BRDA:301,70,0,0
BRDA:301,70,1,0
BRDA:306,71,0,0
BRDA:306,71,1,0
BRDA:334,72,0,1
BRDA:334,72,1,0
BRDA:335,73,0,1
BRDA:335,73,1,0
BRDA:336,74,0,1
BRDA:336,74,1,0
BRDA:337,75,0,1
BRDA:337,75,1,0
BRDA:338,76,0,1
BRDA:338,76,1,0
BRDA:339,77,0,1
BRDA:339,77,1,0
BRDA:340,78,0,1
BRDA:340,78,1,0
BRDA:342,79,0,0
BRDA:342,79,1,1
BRDA:342,80,0,1
BRDA:342,80,1,1
BRDA:342,80,2,1
BRDA:342,80,3,1
BRDA:342,80,4,1
BRDA:342,80,5,1
BRDA:345,81,0,0
BRDA:345,81,1,1
BRDA:348,82,0,0
BRDA:348,82,1,1
BRDA:352,83,0,0
BRDA:352,83,1,1
BRDA:358,84,0,0
BRDA:358,84,1,1
BRDA:358,85,0,1
BRDA:358,85,1,1
BRDA:368,86,0,1
BRDA:368,86,1,0
BRDA:380,87,0,0
BRDA:380,87,1,0
BRDA:392,88,0,0
BRDA:392,88,1,0
BRDA:400,89,0,0
BRDA:400,89,1,0
BRDA:400,90,0,0
BRDA:400,90,1,0
BRDA:414,91,0,0
BRDA:414,91,1,0
BRDA:422,92,0,0
BRDA:422,92,1,0
BRDA:423,93,0,0
BRDA:423,93,1,0
BRDA:423,94,0,0
BRDA:423,94,1,0
BRDA:423,94,2,0
BRF:197
BRH:54
end_of_record
TN:
SF:CameraRentalSystem\controller\cameraController.js
FN:6,getDateOrNull
FN:13,getCameraById
FN:15,(anonymous_2)
FN:18,getCustomerForSession
FN:24,deriveBookingStatusFromRental
FN:31,isFilmLikeCamera
FN:39,cameraMatchesType
FN:58,(anonymous_7)
FN:66,(anonymous_8)
FN:72,(anonymous_9)
FN:76,(anonymous_10)
FN:101,(anonymous_11)
FN:105,(anonymous_12)
FN:114,(anonymous_13)
FN:117,(anonymous_14)
FN:133,(anonymous_15)
FN:171,(anonymous_16)
FN:181,(anonymous_17)
FN:203,(anonymous_18)
FN:222,(anonymous_19)
FN:243,(anonymous_20)
FN:258,(anonymous_21)
FN:313,(anonymous_22)
FN:322,(anonymous_23)
FN:322,(anonymous_24)
FN:323,(anonymous_25)
FN:324,(anonymous_26)
FN:334,(anonymous_27)
FN:337,(anonymous_28)
FN:377,(anonymous_29)
FN:399,(anonymous_30)
FN:403,(anonymous_31)
FN:405,(anonymous_32)
FN:410,(anonymous_33)
FN:435,(anonymous_34)
FN:444,(anonymous_35)
FN:458,(anonymous_36)
FN:520,(anonymous_37)
FN:541,(anonymous_38)
FN:567,(anonymous_39)
FN:589,(anonymous_40)
FN:612,(anonymous_41)
FN:624,(anonymous_42)
FNF:43
FNH:6
FNDA:4,getDateOrNull
FNDA:0,getCameraById
FNDA:0,(anonymous_2)
FNDA:2,getCustomerForSession
FNDA:0,deriveBookingStatusFromRental
FNDA:0,isFilmLikeCamera
FNDA:0,cameraMatchesType
FNDA:0,(anonymous_7)
FNDA:0,(anonymous_8)
FNDA:0,(anonymous_9)
FNDA:0,(anonymous_10)
FNDA:0,(anonymous_11)
FNDA:0,(anonymous_12)
FNDA:0,(anonymous_13)
FNDA:0,(anonymous_14)
FNDA:0,(anonymous_15)
FNDA:0,(anonymous_16)
FNDA:0,(anonymous_17)
FNDA:0,(anonymous_18)
FNDA:0,(anonymous_19)
FNDA:2,(anonymous_20)
FNDA:2,(anonymous_21)
FNDA:0,(anonymous_22)
FNDA:0,(anonymous_23)
FNDA:0,(anonymous_24)
FNDA:0,(anonymous_25)
FNDA:0,(anonymous_26)
FNDA:0,(anonymous_27)
FNDA:0,(anonymous_28)
FNDA:0,(anonymous_29)
FNDA:0,(anonymous_30)
FNDA:0,(anonymous_31)
FNDA:0,(anonymous_32)
FNDA:0,(anonymous_33)
FNDA:0,(anonymous_34)
FNDA:1,(anonymous_35)
FNDA:1,(anonymous_36)
FNDA:0,(anonymous_37)
FNDA:0,(anonymous_38)
FNDA:0,(anonymous_39)
FNDA:0,(anonymous_40)
FNDA:0,(anonymous_41)
FNDA:0,(anonymous_42)
DA:1,1
DA:2,1
DA:3,1
DA:4,1
DA:7,4
DA:8,4
DA:10,4
DA:14,0
DA:15,0
DA:19,2
DA:20,2
DA:21,2
DA:25,0
DA:26,0
DA:27,0
DA:28,0
DA:32,0
DA:33,0
DA:34,0
DA:35,0
DA:36,0
DA:40,0
DA:41,0
DA:42,0
DA:43,0
DA:44,0
DA:45,0
DA:47,0
DA:48,0
DA:49,0
DA:58,1
DA:59,0
DA:60,0
DA:61,0
DA:62,0
DA:65,0
DA:66,0
DA:69,0
DA:72,0
DA:75,0
DA:76,0
DA:77,0
DA:78,0
DA:79,0
DA:85,0
DA:86,0
DA:87,0
DA:88,0
DA:90,0
DA:91,0
DA:92,0
DA:98,0
DA:100,0
DA:101,0
DA:103,0
DA:104,0
DA:105,0
DA:106,0
DA:113,0
DA:114,0
DA:116,0
DA:117,0
DA:120,0
DA:133,1
DA:134,0
DA:135,0
DA:136,0
DA:137,0
DA:138,0
DA:139,0
DA:140,0
DA:142,0
DA:144,0
DA:145,0
DA:147,0
DA:148,0
DA:150,0
DA:151,0
DA:154,0
DA:163,0
DA:171,1
DA:172,0
DA:173,0
DA:178,0
DA:181,0
DA:193,0
DA:194,0
DA:203,1
DA:204,0
DA:205,0
DA:207,0
DA:208,0
DA:210,0
DA:211,0
DA:212,0
DA:213,0
DA:214,0
DA:215,0
DA:217,0
DA:218,0
DA:222,1
DA:223,0
DA:224,0
DA:226,0
DA:227,0
DA:228,0
DA:229,0
DA:230,0
DA:232,0
DA:233,0
DA:243,1
DA:244,2
DA:245,2
DA:246,2
DA:247,2
DA:248,2
DA:249,0
DA:251,2
DA:252,2
DA:253,2
DA:255,2
DA:256,2
DA:259,2
DA:263,2
DA:264,0
DA:265,0
DA:266,0
DA:268,2
DA:269,0
DA:270,0
DA:271,0
DA:275,2
DA:276,0
DA:277,0
DA:278,0
DA:281,2
DA:282,2
DA:283,2
DA:289,2
DA:297,2
DA:298,2
DA:300,2
DA:303,2
DA:305,0
DA:306,0
DA:307,0
DA:309,0
DA:313,1
DA:314,0
DA:322,0
DA:323,0
DA:324,0
DA:334,0
DA:337,1
DA:338,0
DA:339,0
DA:340,0
DA:341,0
DA:342,0
DA:343,0
DA:344,0
DA:345,0
DA:349,0
DA:350,0
DA:351,0
DA:353,0
DA:356,0
DA:357,0
DA:358,0
DA:359,0
DA:361,0
DA:377,1
DA:378,0
DA:379,0
DA:380,0
DA:381,0
DA:382,0
DA:383,0
DA:384,0
DA:385,0
DA:388,0
DA:389,0
DA:391,0
DA:394,0
DA:395,0
DA:396,0
DA:399,1
DA:400,0
DA:401,0
DA:402,0
DA:404,0
DA:405,0
DA:406,0
DA:407,0
DA:408,0
DA:410,0
DA:411,0
DA:412,0
DA:413,0
DA:415,0
DA:416,0
DA:418,0
DA:426,0
DA:435,0
DA:444,1
DA:445,1
DA:446,1
DA:447,1
DA:448,1
DA:449,1
DA:450,1
DA:451,1
DA:452,0
DA:455,1
DA:456,1
DA:459,1
DA:463,1
DA:464,0
DA:465,0
DA:466,0
DA:469,1
DA:474,1
DA:475,1
DA:476,1
DA:477,1
DA:479,0
DA:480,0
DA:481,0
DA:482,0
DA:485,0
DA:486,0
DA:494,0
DA:495,0
DA:496,0
DA:497,0
DA:498,0
DA:499,0
DA:501,0
DA:502,0
DA:503,0
DA:508,1
DA:509,1
DA:511,0
DA:512,0
DA:514,0
DA:517,0
DA:520,1
DA:521,0
DA:539,0
DA:542,0
DA:543,0
DA:544,0
DA:545,0
DA:567,1
DA:568,0
DA:569,0
DA:570,0
DA:573,0
DA:574,0
DA:575,0
DA:576,0
DA:579,0
DA:580,0
DA:582,0
DA:583,0
DA:584,0
DA:585,0
DA:586,0
DA:589,1
DA:590,0
DA:591,0
DA:592,0
DA:595,0
DA:596,0
DA:597,0
DA:598,0
DA:601,0
DA:602,0
DA:604,0
DA:605,0
DA:606,0
DA:607,0
DA:609,0
DA:612,1
DA:613,0
DA:614,0
DA:615,0
DA:624,0
DA:629,0
DA:631,0
DA:632,0
LF:291
LH:65
BRDA:8,0,0,0
BRDA:8,0,1,4
BRDA:15,1,0,0
BRDA:15,1,1,0
BRDA:19,2,0,2
BRDA:19,2,1,2
BRDA:20,3,0,0
BRDA:20,3,1,2
BRDA:25,4,0,0
BRDA:25,4,1,0
BRDA:26,5,0,0
BRDA:26,5,1,0
BRDA:27,6,0,0
BRDA:27,6,1,0
BRDA:32,7,0,0
BRDA:32,7,1,0
BRDA:33,8,0,0
BRDA:33,8,1,0
BRDA:34,9,0,0
BRDA:34,9,1,0
BRDA:35,10,0,0
BRDA:35,10,1,0
BRDA:40,11,0,0
BRDA:40,11,1,0
BRDA:41,12,0,0
BRDA:41,12,1,0
BRDA:42,13,0,0
BRDA:42,13,1,0
BRDA:43,14,0,0
BRDA:43,14,1,0
BRDA:47,15,0,0
BRDA:47,15,1,0
BRDA:48,16,0,0
BRDA:48,16,1,0
BRDA:59,17,0,0
BRDA:59,17,1,0
BRDA:60,18,0,0
BRDA:60,18,1,0
BRDA:61,19,0,0
BRDA:61,19,1,0
BRDA:62,20,0,0
BRDA:62,20,1,0
BRDA:78,21,0,0
BRDA:78,21,1,0
BRDA:81,22,0,0
BRDA:81,22,1,0
BRDA:87,23,0,0
BRDA:87,23,1,0
BRDA:90,24,0,0
BRDA:90,24,1,0
BRDA:100,25,0,0
BRDA:100,25,1,0
BRDA:103,26,0,0
BRDA:103,26,1,0
BRDA:106,27,0,0
BRDA:106,27,1,0
BRDA:106,27,2,0
BRDA:106,27,3,0
BRDA:113,28,0,0
BRDA:113,28,1,0
BRDA:116,29,0,0
BRDA:116,29,1,0
BRDA:135,30,0,0
BRDA:135,30,1,0
BRDA:136,31,0,0
BRDA:136,31,1,0
BRDA:139,32,0,0
BRDA:139,32,1,0
BRDA:140,33,0,0
BRDA:140,33,1,0
BRDA:142,34,0,0
BRDA:142,34,1,0
BRDA:144,35,0,0
BRDA:144,35,1,0
BRDA:144,36,0,0
BRDA:144,36,1,0
BRDA:147,37,0,0
BRDA:147,37,1,0
BRDA:147,38,0,0
BRDA:147,38,1,0
BRDA:150,39,0,0
BRDA:150,39,1,0
BRDA:150,40,0,0
BRDA:150,40,1,0
BRDA:160,41,0,0
BRDA:160,41,1,0
BRDA:160,41,2,0
BRDA:180,42,0,0
BRDA:180,42,1,0
BRDA:205,43,0,0
BRDA:205,43,1,0
BRDA:207,44,0,0
BRDA:207,44,1,0
BRDA:207,45,0,0
BRDA:207,45,1,0
BRDA:208,46,0,0
BRDA:208,46,1,0
BRDA:212,47,0,0
BRDA:212,47,1,0
BRDA:224,48,0,0
BRDA:224,48,1,0
BRDA:224,49,0,0
BRDA:224,49,1,0
BRDA:228,50,0,0
BRDA:228,50,1,0
BRDA:248,51,0,0
BRDA:248,51,1,2
BRDA:248,52,0,2
BRDA:248,52,1,2
BRDA:248,52,2,2
BRDA:263,53,0,0
BRDA:263,53,1,2
BRDA:268,54,0,0
BRDA:268,54,1,2
BRDA:275,55,0,0
BRDA:275,55,1,2
BRDA:306,56,0,0
BRDA:306,56,1,0
BRDA:306,57,0,0
BRDA:306,57,1,0
BRDA:326,58,0,0
BRDA:326,58,1,0
BRDA:341,59,0,0
BRDA:341,59,1,0
BRDA:343,60,0,0
BRDA:343,60,1,0
BRDA:344,61,0,0
BRDA:344,61,1,0
BRDA:344,62,0,0
BRDA:344,62,1,0
BRDA:349,63,0,0
BRDA:349,63,1,0
BRDA:350,64,0,0
BRDA:350,64,1,0
BRDA:357,65,0,0
BRDA:357,65,1,0
BRDA:359,66,0,0
BRDA:359,66,1,0
BRDA:381,67,0,0
BRDA:381,67,1,0
BRDA:383,68,0,0
BRDA:383,68,1,0
BRDA:384,69,0,0
BRDA:384,69,1,0
BRDA:384,70,0,0
BRDA:384,70,1,0
BRDA:389,71,0,0
BRDA:389,71,1,0
BRDA:389,72,0,0
BRDA:389,72,1,0
BRDA:404,73,0,0
BRDA:404,73,1,0
BRDA:406,74,0,0
BRDA:406,74,1,0
BRDA:407,75,0,0
BRDA:407,75,1,0
BRDA:407,76,0,0
BRDA:407,76,1,0
BRDA:411,77,0,0
BRDA:411,77,1,0
BRDA:412,78,0,0
BRDA:412,78,1,0
BRDA:415,79,0,0
BRDA:415,79,1,0
BRDA:448,80,0,0
BRDA:448,80,1,1
BRDA:450,81,0,0
BRDA:450,81,1,1
BRDA:451,82,0,0
BRDA:451,82,1,1
BRDA:451,83,0,1
BRDA:451,83,1,0
BRDA:463,84,0,0
BRDA:463,84,1,1
BRDA:474,85,0,1
BRDA:474,85,1,0
BRDA:479,86,0,0
BRDA:479,86,1,0
BRDA:485,87,0,0
BRDA:485,87,1,0
BRDA:494,88,0,0
BRDA:494,88,1,0
BRDA:508,89,0,1
BRDA:508,89,1,0
BRDA:508,90,0,1
BRDA:508,90,1,1
BRDA:511,91,0,0
BRDA:511,91,1,0
BRDA:511,92,0,0
BRDA:511,92,1,0
BRDA:543,93,0,0
BRDA:543,93,1,0
BRDA:543,94,0,0
BRDA:543,94,1,0
BRDA:544,95,0,0
BRDA:544,95,1,0
BRDA:547,96,0,0
BRDA:547,96,1,0
BRDA:550,97,0,0
BRDA:550,97,1,0
BRDA:558,98,0,0
BRDA:558,98,1,0
BRDA:559,99,0,0
BRDA:559,99,1,0
BRDA:560,100,0,0
BRDA:560,100,1,0
BRDA:569,101,0,0
BRDA:569,101,1,0
BRDA:569,102,0,0
BRDA:569,102,1,0
BRDA:574,103,0,0
BRDA:574,103,1,0
BRDA:575,104,0,0
BRDA:575,104,1,0
BRDA:580,105,0,0
BRDA:580,105,1,0
BRDA:591,106,0,0
BRDA:591,106,1,0
BRDA:591,107,0,0
BRDA:591,107,1,0
BRDA:596,108,0,0
BRDA:596,108,1,0
BRDA:597,109,0,0
BRDA:597,109,1,0
BRDA:605,110,0,0
BRDA:605,110,1,0
BRDA:605,111,0,0
BRDA:605,111,1,0
BRF:228
BRH:20
end_of_record
TN:
SF:CameraRentalSystem\controller\cartController.js
FN:4,getCustomerForSession
FN:10,toCartItem
FN:32,(anonymous_2)
FN:44,(anonymous_3)
FN:48,(anonymous_4)
FN:50,(anonymous_5)
FN:51,(anonymous_6)
FN:52,(anonymous_7)
FN:61,(anonymous_8)
FNF:9
FNH:9
FNDA:8,getCustomerForSession
FNDA:3,toCartItem
FNDA:3,(anonymous_2)
FNDA:3,(anonymous_3)
FNDA:1,(anonymous_4)
FNDA:3,(anonymous_5)
FNDA:3,(anonymous_6)
FNDA:3,(anonymous_7)
FNDA:6,(anonymous_8)
DA:1,1
DA:2,1
DA:5,8
DA:6,8
DA:7,6
DA:11,3
DA:12,3
DA:13,3
DA:14,3
DA:15,3
DA:32,1
DA:33,3
DA:34,3
DA:36,2
DA:44,3
DA:45,2
DA:48,2
DA:50,3
DA:51,3
DA:52,3
DA:54,2
DA:61,1
DA:62,6
DA:63,6
DA:65,5
DA:66,5
DA:68,4
DA:69,4
DA:70,3
DA:71,1
DA:74,2
DA:75,2
DA:77,1
DA:78,1
DA:80,1
DA:81,1
DA:82,1
DA:83,1
DA:84,1
DA:85,1
DA:89,1
LF:41
LH:41
BRDA:5,0,0,8
BRDA:5,0,1,6
BRDA:6,1,0,2
BRDA:6,1,1,6
BRDA:13,2,0,3
BRDA:13,2,1,2
BRDA:14,3,0,1
BRDA:14,3,1,2
BRDA:14,4,0,1
BRDA:14,4,1,0
BRDA:18,5,0,1
BRDA:18,5,1,2
BRDA:19,6,0,1
BRDA:19,6,1,2
BRDA:19,7,0,1
BRDA:19,7,1,1
BRDA:27,8,0,3
BRDA:27,8,1,3
BRDA:34,9,0,1
BRDA:34,9,1,2
BRDA:45,10,0,2
BRDA:45,10,1,0
BRDA:51,11,0,3
BRDA:51,11,1,1
BRDA:52,12,0,3
BRDA:52,12,1,1
BRDA:63,13,0,1
BRDA:63,13,1,5
BRDA:63,14,0,6
BRDA:63,14,1,5
BRDA:66,15,0,1
BRDA:66,15,1,4
BRDA:69,16,0,1
BRDA:69,16,1,3
BRDA:70,17,0,1
BRDA:70,17,1,2
BRDA:70,18,0,3
BRDA:70,18,1,1
BRDA:75,19,0,1
BRDA:75,19,1,1
BRDA:83,20,0,1
BRDA:83,20,1,0
BRDA:83,21,0,1
BRDA:83,21,1,1
BRF:44
BRH:41
end_of_record
TN:
SF:CameraRentalSystem\controller\dashboardController.js
FN:4,(anonymous_0)
FN:67,(anonymous_1)
FN:67,(anonymous_2)
FNF:3
FNH:0
FNDA:0,(anonymous_0)
FNDA:0,(anonymous_1)
FNDA:0,(anonymous_2)
DA:1,0
DA:2,0
DA:4,0
DA:5,0
DA:6,0
DA:7,0
DA:8,0
DA:10,0
DA:11,0
DA:14,0
DA:23,0
DA:26,0
DA:41,0
DA:56,0
DA:59,0
DA:67,0
DA:76,0
DA:87,0
DA:88,0
LF:19
LH:0
BRDA:23,0,0,0
BRDA:23,0,1,0
BRDA:69,1,0,0
BRDA:69,1,1,0
BRF:4
BRH:0
end_of_record
TN:
SF:CameraRentalSystem\controller\logController.js
FN:3,(anonymous_0)
FN:12,(anonymous_1)
FNF:2
FNH:0
FNDA:0,(anonymous_0)
FNDA:0,(anonymous_1)
DA:1,0
DA:3,0
DA:4,0
DA:5,0
DA:10,0
DA:12,0
DA:21,0
DA:22,0
LF:8
LH:0
BRF:0
BRH:0
end_of_record
TN:
SF:CameraRentalSystem\controller\mediaController.js
FN:5,(anonymous_0)
FN:7,(anonymous_1)
FN:14,(anonymous_2)
FN:17,(anonymous_3)
FN:18,(anonymous_4)
FN:45,(anonymous_5)
FNF:6
FNH:0
FNDA:0,(anonymous_0)
FNDA:0,(anonymous_1)
FNDA:0,(anonymous_2)
FNDA:0,(anonymous_3)
FNDA:0,(anonymous_4)
FNDA:0,(anonymous_5)
DA:1,0
DA:2,0
DA:3,0
DA:5,0
DA:6,0
DA:7,0
DA:14,0
DA:17,0
DA:18,0
DA:19,0
DA:20,0
DA:29,0
DA:30,0
DA:31,0
DA:33,0
DA:34,0
DA:37,0
DA:38,0
DA:46,0
DA:47,0
LF:20
LH:0
BRDA:19,0,0,0
BRDA:19,0,1,0
BRDA:29,1,0,0
BRDA:29,1,1,0
BRDA:31,2,0,0
BRDA:31,2,1,0
BRDA:33,3,0,0
BRDA:33,3,1,0
BRDA:33,4,0,0
BRDA:33,4,1,0
BRF:10
BRH:0
end_of_record
TN:
SF:CameraRentalSystem\controller\returnController.js
FN:5,(anonymous_0)
FN:57,(anonymous_1)
FN:70,(anonymous_2)
FNF:3
FNH:0
FNDA:0,(anonymous_0)
FNDA:0,(anonymous_1)
FNDA:0,(anonymous_2)
DA:1,0
DA:2,0
DA:3,0
DA:5,0
DA:6,0
DA:7,0
DA:21,0
DA:22,0
DA:24,0
DA:25,0
DA:35,0
DA:36,0
DA:37,0
DA:38,0
DA:39,0
DA:40,0
DA:42,0
DA:46,0
DA:52,0
DA:53,0
DA:57,0
DA:58,0
DA:59,0
DA:60,0
DA:63,0
DA:64,0
DA:65,0
DA:67,0
DA:68,0
DA:71,0
DA:77,0
DA:78,0
DA:79,0
DA:80,0
DA:83,0
DA:84,0
DA:85,0
DA:86,0
DA:89,0
DA:95,0
DA:96,0
DA:97,0
DA:98,0
DA:102,0
DA:111,0
DA:112,0
DA:113,0
DA:114,0
DA:121,0
DA:123,0
DA:124,0
DA:126,0
DA:127,0
DA:128,0
LF:54
LH:0
BRDA:28,0,0,0
BRDA:28,0,1,0
BRDA:35,1,0,0
BRDA:35,1,1,0
BRDA:59,2,0,0
BRDA:59,2,1,0
BRDA:59,3,0,0
BRDA:59,3,1,0
BRDA:64,4,0,0
BRDA:64,4,1,0
BRDA:65,5,0,0
BRDA:65,5,1,0
BRDA:77,6,0,0
BRDA:77,6,1,0
BRDA:83,7,0,0
BRDA:83,7,1,0
BRDA:95,8,0,0
BRDA:95,8,1,0
BRDA:107,9,0,0
BRDA:107,9,1,0
BRDA:112,10,0,0
BRDA:112,10,1,0
BRDA:123,11,0,0
BRDA:123,11,1,0
BRDA:123,12,0,0
BRDA:123,12,1,0
BRDA:126,13,0,0
BRDA:126,13,1,0
BRDA:126,14,0,0
BRDA:126,14,1,0
BRF:30
BRH:0
end_of_record
TN:
SF:CameraRentalSystem\service\adminSeed.js
FN:6,getSeedAdminEnv
FN:20,findExistingSeedCustomer
FN:26,ensureAdminSeed
FNF:3
FNH:0
FNDA:0,getSeedAdminEnv
FNDA:0,findExistingSeedCustomer
FNDA:0,ensureAdminSeed
DA:1,0
DA:2,0
DA:4,0
DA:7,0
DA:8,0
DA:9,0
DA:11,0
DA:12,0
DA:14,0
DA:15,0
DA:17,0
DA:21,0
DA:22,0
DA:23,0
DA:28,0
DA:29,0
DA:31,0
DA:34,0
DA:36,0
DA:37,0
DA:38,0
DA:39,0
DA:41,0
DA:42,0
DA:43,0
DA:44,0
DA:47,0
DA:60,0
LF:28
LH:0
BRDA:4,0,0,0
BRDA:4,0,1,0
BRDA:7,1,0,0
BRDA:7,1,1,0
BRDA:8,2,0,0
BRDA:8,2,1,0
BRDA:9,3,0,0
BRDA:9,3,1,0
BRDA:11,4,0,0
BRDA:11,4,1,0
BRDA:11,5,0,0
BRDA:11,5,1,0
BRDA:11,5,2,0
BRDA:14,6,0,0
BRDA:14,6,1,0
BRDA:22,7,0,0
BRDA:22,7,1,0
BRDA:29,8,0,0
BRDA:29,8,1,0
BRDA:36,9,0,0
BRDA:36,9,1,0
BRDA:38,10,0,0
BRDA:38,10,1,0
BRDA:41,11,0,0
BRDA:41,11,1,0
BRDA:42,12,0,0
BRDA:42,12,1,0
BRF:27
BRH:0
end_of_record
TN:
SF:CameraRentalSystem\service\cameraStore.js
FN:14,ensureCameraStoreReady
FN:37,(anonymous_1)
FN:55,getAllCameras
FN:60,(anonymous_3)
FN:76,addCamera
FNF:5
FNH:0
FNDA:0,ensureCameraStoreReady
FNDA:0,(anonymous_1)
FNDA:0,getAllCameras
FNDA:0,(anonymous_3)
FNDA:0,addCamera
DA:1,0
DA:2,0
DA:3,0
DA:5,0
DA:7,0
DA:15,0
DA:16,0
DA:17,0
DA:18,0
DA:19,0
DA:20,0
DA:21,0
DA:22,0
DA:23,0
DA:25,0
DA:26,0
DA:29,0
DA:33,0
DA:34,0
DA:35,0
DA:36,0
DA:37,0
DA:38,0
DA:39,0
DA:40,0
DA:51,0
DA:56,0
DA:60,0
DA:61,0
DA:62,0
DA:77,0
DA:85,0
DA:86,0
DA:87,0
DA:88,0
DA:89,0
DA:90,0
DA:91,0
DA:92,0
DA:101,0
DA:104,0
DA:105,0
DA:115,0
LF:43
LH:0
BRDA:23,0,0,0
BRDA:23,0,1,0
BRDA:25,1,0,0
BRDA:25,1,1,0
BRDA:33,2,0,0
BRDA:33,2,1,0
BRDA:34,3,0,0
BRDA:34,3,1,0
BRDA:34,4,0,0
BRDA:34,4,1,0
BRDA:38,5,0,0
BRDA:38,5,1,0
BRDA:38,6,0,0
BRDA:38,6,1,0
BRDA:45,7,0,0
BRDA:45,7,1,0
BRDA:67,8,0,0
BRDA:67,8,1,0
BRDA:69,9,0,0
BRDA:69,9,1,0
BRDA:71,10,0,0
BRDA:71,10,1,0
BRDA:82,11,0,0
BRDA:82,11,1,0
BRDA:86,12,0,0
BRDA:86,12,1,0
BRDA:86,13,0,0
BRDA:86,13,1,0
BRDA:88,14,0,0
BRDA:88,14,1,0
BRDA:88,15,0,0
BRDA:88,15,1,0
BRDA:111,16,0,0
BRDA:111,16,1,0
BRF:34
BRH:0
end_of_record
TN:
SF:CameraRentalSystem\service\pgRealtime.js
FN:12,registerPgRealtimeRoutes
FN:31,sqlRateLimit
FN:54,(anonymous_2)
FN:64,(anonymous_3)
FN:80,(anonymous_4)
FN:103,(anonymous_5)
FNF:6
FNH:0
FNDA:0,registerPgRealtimeRoutes
FNDA:0,sqlRateLimit
FNDA:0,(anonymous_2)
FNDA:0,(anonymous_3)
FNDA:0,(anonymous_4)
FNDA:0,(anonymous_5)
DA:13,0
DA:14,0
DA:15,0
DA:16,0
DA:21,0
DA:22,0
DA:30,0
DA:32,0
DA:33,0
DA:34,0
DA:35,0
DA:37,0
DA:38,0
DA:39,0
DA:40,0
DA:41,0
DA:42,0
DA:46,0
DA:47,0
DA:49,0
DA:50,0
DA:54,0
DA:55,0
DA:56,0
DA:57,0
DA:59,0
DA:64,0
DA:65,0
DA:66,0
DA:72,0
DA:73,0
DA:75,0
DA:80,0
DA:81,0
DA:82,0
DA:95,0
DA:96,0
DA:98,0
DA:103,0
DA:104,0
DA:105,0
DA:109,0
LF:42
LH:0
BRDA:14,0,0,0
BRDA:14,0,1,0
BRDA:15,1,0,0
BRDA:15,1,1,0
BRDA:23,2,0,0
BRDA:23,2,1,0
BRDA:24,3,0,0
BRDA:24,3,1,0
BRDA:25,4,0,0
BRDA:25,4,1,0
BRDA:26,5,0,0
BRDA:26,5,1,0
BRDA:27,6,0,0
BRDA:27,6,1,0
BRDA:32,7,0,0
BRDA:32,7,1,0
BRDA:32,7,2,0
BRDA:35,8,0,0
BRDA:35,8,1,0
BRDA:37,9,0,0
BRDA:37,9,1,0
BRDA:41,10,0,0
BRDA:41,10,1,0
BRDA:41,11,0,0
BRDA:41,11,1,0
BRDA:46,12,0,0
BRDA:46,12,1,0
BRF:27
BRH:0
end_of_record
TN:
SF:CameraRentalSystem\service\schemaSync.js
FN:14,normalizeTableName
FN:20,getExistingTablesSet
FN:27,migrateLegacyPostgresTables
FN:166,ensureCustomerAuthColumns
FN:192,ensurePaymentSlipColumn
FN:212,ensureFullSchemaReady
FNF:6
FNH:0
FNDA:0,normalizeTableName
FNDA:0,getExistingTablesSet
FNDA:0,migrateLegacyPostgresTables
FNDA:0,ensureCustomerAuthColumns
FNDA:0,ensurePaymentSlipColumn
FNDA:0,ensureFullSchemaReady
DA:1,0
DA:2,0
DA:12,0
DA:15,0
DA:16,0
DA:17,0
DA:21,0
DA:22,0
DA:23,0
DA:28,0
DA:29,0
DA:30,0
DA:31,0
DA:32,0
DA:35,0
DA:37,0
DA:43,0
DA:44,0
DA:64,0
DA:65,0
DA:86,0
DA:87,0
DA:91,0
DA:113,0
DA:138,0
DA:139,0
DA:143,0
DA:167,0
DA:168,0
DA:169,0
DA:171,0
DA:172,0
DA:174,0
DA:175,0
DA:177,0
DA:178,0
DA:185,0
DA:186,0
DA:188,0
DA:193,0
DA:194,0
DA:195,0
DA:196,0
DA:198,0
DA:199,0
DA:205,0
DA:213,0
DA:216,0
DA:217,0
DA:218,0
DA:219,0
DA:220,0
DA:221,0
DA:222,0
DA:223,0
DA:224,0
DA:225,0
DA:228,0
DA:229,0
DA:232,0
DA:235,0
LF:61
LH:0
BRDA:15,0,0,0
BRDA:15,0,1,0
BRDA:16,1,0,0
BRDA:16,1,1,0
BRDA:16,2,0,0
BRDA:16,2,1,0
BRDA:17,3,0,0
BRDA:17,3,1,0
BRDA:35,4,0,0
BRDA:35,4,1,0
BRDA:35,5,0,0
BRDA:35,5,1,0
BRDA:35,5,2,0
BRDA:35,5,3,0
BRDA:43,6,0,0
BRDA:43,6,1,0
BRDA:64,7,0,0
BRDA:64,7,1,0
BRDA:86,8,0,0
BRDA:86,8,1,0
BRDA:87,9,0,0
BRDA:87,9,1,0
BRDA:138,10,0,0
BRDA:138,10,1,0
BRDA:138,11,0,0
BRDA:138,11,1,0
BRDA:139,12,0,0
BRDA:139,12,1,0
BRDA:171,13,0,0
BRDA:171,13,1,0
BRDA:174,14,0,0
BRDA:174,14,1,0
BRDA:177,15,0,0
BRDA:177,15,1,0
BRDA:185,16,0,0
BRDA:185,16,1,0
BRDA:195,17,0,0
BRDA:195,17,1,0
BRDA:198,18,0,0
BRDA:198,18,1,0
BRDA:216,19,0,0
BRDA:216,19,1,0
BRDA:217,20,0,0
BRDA:217,20,1,0
BRF:44
BRH:0
end_of_record
TN:
SF:CameraRentalSystem\service\uploadService.js
FN:10,ensureUploadDirectories
FN:13,(anonymous_1)
FN:19,normalizeBaseName
FN:29,(anonymous_3)
FN:33,(anonymous_4)
FN:42,getDirectoryStructure
FN:46,(anonymous_6)
FN:48,(anonymous_7)
FN:68,(anonymous_8)
FNF:9
FNH:0
FNDA:0,ensureUploadDirectories
FNDA:0,(anonymous_1)
FNDA:0,normalizeBaseName
FNDA:0,(anonymous_3)
FNDA:0,(anonymous_4)
FNDA:0,getDirectoryStructure
FNDA:0,(anonymous_6)
FNDA:0,(anonymous_7)
FNDA:0,(anonymous_8)
DA:1,0
DA:2,0
DA:3,0
DA:4,0
DA:6,0
DA:7,0
DA:8,0
DA:11,0
DA:12,0
DA:13,0
DA:14,0
DA:15,0
DA:20,0
DA:28,0
DA:30,0
DA:31,0
DA:34,0
DA:35,0
DA:36,0
DA:37,0
DA:38,0
DA:43,0
DA:45,0
DA:46,0
DA:48,0
DA:49,0
DA:50,0
DA:51,0
DA:53,0
DA:55,0
DA:56,0
DA:60,0
DA:61,0
DA:65,0
DA:69,0
DA:70,0
DA:71,0
DA:72,0
DA:73,0
DA:75,0
DA:79,0
LF:41
LH:0
BRDA:11,0,0,0
BRDA:11,0,1,0
BRDA:12,1,0,0
BRDA:12,1,1,0
BRDA:15,2,0,0
BRDA:15,2,1,0
BRDA:20,3,0,0
BRDA:20,3,1,0
BRDA:20,4,0,0
BRDA:20,4,1,0
BRDA:30,5,0,0
BRDA:30,5,1,0
BRDA:34,6,0,0
BRDA:34,6,1,0
BRDA:34,7,0,0
BRDA:34,7,1,0
BRDA:35,8,0,0
BRDA:35,8,1,0
BRDA:42,9,0,0
BRDA:42,10,0,0
BRDA:43,11,0,0
BRDA:43,11,1,0
BRDA:53,12,0,0
BRDA:53,12,1,0
BRDA:55,13,0,0
BRDA:55,13,1,0
BRDA:56,14,0,0
BRDA:56,14,1,0
BRDA:60,15,0,0
BRDA:60,15,1,0
BRDA:60,16,0,0
BRDA:60,16,1,0
BRDA:70,17,0,0
BRDA:70,17,1,0
BRDA:72,18,0,0
BRDA:72,18,1,0
BRDA:72,19,0,0
BRDA:72,19,1,0
BRF:38
BRH:0
end_of_record
TN:
SF:models\booking.js
FNF:0
FNH:0
DA:1,0
LF:1
LH:0
BRF:0
BRH:0
end_of_record
TN:
SF:models\camera.js
FNF:0
FNH:0
DA:1,0
LF:1
LH:0
BRF:0
BRH:0
end_of_record
TN:
SF:models\category.js
FNF:0
FNH:0
DA:1,1
DA:2,1
DA:4,1
DA:19,1
LF:4
LH:4
BRF:0
BRH:0
end_of_record
TN:
SF:models\customer.js
FNF:0
FNH:0
DA:1,1
DA:2,1
DA:4,1
DA:54,1
LF:4
LH:4
BRF:0
BRH:0
end_of_record
TN:
SF:models\equipment.js
FNF:0
FNH:0
DA:1,1
DA:2,1
DA:4,1
DA:45,1
LF:4
LH:4
BRF:0
BRH:0
end_of_record
TN:
SF:models\index.js
FNF:0
FNH:0
DA:1,1
DA:2,1
DA:3,1
DA:4,1
DA:5,1
DA:6,1
DA:7,1
DA:8,1
DA:11,1
DA:15,1
DA:21,1
DA:25,1
DA:31,1
DA:35,1
DA:41,1
DA:45,1
DA:51,1
DA:55,1
DA:61,1
DA:65,1
DA:70,1
LF:21
LH:21
BRF:0
BRH:0
end_of_record
TN:
SF:models\payment.js
FNF:0
FNH:0
DA:1,1
DA:2,1
DA:4,1
DA:47,1
LF:4
LH:4
BRF:0
BRH:0
end_of_record
TN:
SF:models\promotion.js
FNF:0
FNH:0
DA:1,0
DA:2,0
DA:4,0
DA:10,0
LF:4
LH:0
BRF:0
BRH:0
end_of_record
TN:
SF:models\rental.js
FNF:0
FNH:0
DA:1,1
DA:2,1
DA:4,1
DA:34,1
LF:4
LH:4
BRF:0
BRH:0
end_of_record
TN:
SF:models\rentalDetail.js
FNF:0
FNH:0
DA:1,1
DA:2,1
DA:4,1
DA:36,1
LF:4
LH:4
BRF:0
BRH:0
end_of_record
TN:
SF:models\return.js
FNF:0
FNH:0
DA:1,1
DA:2,1
DA:4,1
DA:38,1
LF:4
LH:4
BRF:0
BRH:0
end_of_record
TN:
SF:models\syncLog.js
FNF:0
FNH:0
DA:1,1
DA:2,1
DA:4,1
DA:53,1
LF:4
LH:4
BRF:0
BRH:0
end_of_record
TN:
SF:models\user.js
FNF:0
FNH:0
DA:1,0
LF:1
LH:0
BRF:0
BRH:0
end_of_record
TN:
SF:utils\logic.js
FN:2,(anonymous_0)
FN:7,(anonymous_1)
FN:13,(anonymous_2)
FNF:3
FNH:3
FNDA:2,(anonymous_0)
FNDA:1,(anonymous_1)
FNDA:2,(anonymous_2)
DA:2,2
DA:3,2
DA:4,1
DA:7,2
DA:8,1
DA:9,1
DA:10,1
DA:13,2
DA:14,2
DA:15,2
DA:16,2
DA:17,1
DA:20,2
LF:13
LH:13
BRDA:3,0,0,1
BRDA:3,0,1,1
BRDA:3,1,0,2
BRDA:3,1,1,1
BRDA:9,2,0,1
BRDA:9,2,1,0
BRDA:16,3,0,1
BRDA:16,3,1,1
BRF:8
BRH:7
end_of_record
